<?xml version="1.0" encoding="UTF-8" ?>
<testsuite tests="37" failures="2" name="runners.SpiegelCultureRunner" time="1,808.636" errors="15" skipped="0">
  <properties>
    <property name="PROCESSOR_ARCHITECTURE" value="AMD64"/>
    <property name="file.encoding.pkg" value="sun.io"/>
    <property name="DASHLANE_DLL_DIR" value="C:\Users\Lenovo\AppData\Roaming\Dashlane\5.12.0.19744\bin\Firefox_Extension\{442718d9-475e-452a-b3e1-fb1ee16b8e9f}\components;C:\Users\Lenovo\AppData\Roaming\Dashlane\5.12.0.19744\ucrt"/>
    <property name="LOGONSERVER" value="\\LAPTOP-RN5VIIS5"/>
    <property name="ProgramData" value="C:\ProgramData"/>
    <property name="java.home" value="C:\Program Files\Java\jdk1.8.0_172\jre"/>
    <property name="NODE_NAME" value="master"/>
    <property name="JENKINS_URL" value="http://127.0.0.1:8080/"/>
    <property name="ALLUSERSPROFILE" value="C:\ProgramData"/>
    <property name="java.endorsed.dirs" value="C:\Program Files\Java\jdk1.8.0_172\jre\lib\endorsed"/>
    <property name="PSModulePath" value="C:\Program Files\WindowsPowerShell\Modules;C:\WINDOWS\system32\WindowsPowerShell\v1.0\Modules"/>
    <property name="=::" value="::\"/>
    <property name="USERDOMAIN" value="LAPTOP-RN5VIIS5"/>
    <property name="sun.os.patch.level" value=""/>
    <property name="test" value="SpiegelCultureRunner"/>
    <property name="java.vendor.url" value="http://java.oracle.com/"/>
    <property name="CommonProgramFiles(x86)" value="C:\Program Files (x86)\Common Files"/>
    <property name="java.version" value="1.8.0_172"/>
    <property name="JOB_NAME" value="WebAutomationPart2"/>
    <property name="COMPUTERNAME" value="LAPTOP-RN5VIIS5"/>
    <property name="ANDROID_HOME" value="C:\Users\Lenovo\AppData\Local\Android\Sdk"/>
    <property name="java.vendor.url.bug" value="http://bugreport.sun.com/bugreport/"/>
    <property name="PUBLIC" value="C:\Users\Public"/>
    <property name="user.name" value="Lenovo"/>
    <property name="sun.io.unicode.encoding" value="UnicodeLittle"/>
    <property name="sun.jnu.encoding" value="Cp1252"/>
    <property name="java.runtime.name" value="Java(TM) SE Runtime Environment"/>
    <property name="windir" value="C:\WINDOWS"/>
    <property name="PROCESSOR_IDENTIFIER" value="Intel64 Family 6 Model 142 Stepping 10, GenuineIntel"/>
    <property name="java.specification.name" value="Java Platform API Specification"/>
    <property name="LOCALAPPDATA" value="C:\Users\Lenovo\AppData\Local"/>
    <property name="RUN_CHANGES_DISPLAY_URL" value="http://127.0.0.1:8080/job/WebAutomationPart2/14/display/redirect?page=changes"/>
    <property name="user.timezone" value="Europe/Berlin"/>
    <property name="user.script" value=""/>
    <property name="path.separator" value=";"/>
    <property name="NUMBER_OF_PROCESSORS" value="8"/>
    <property name="BUILD_TAG" value="jenkins-WebAutomationPart2-14"/>
    <property name="PYTHONPATH" value="C:\python37;C:\python37\Scripts;C:\python37\DLLs;C:\python37\Lib;C:\python37\libs;"/>
    <property name="file.encoding" value="Cp1252"/>
    <property name="sun.java.command" value="jenkins.maven3.agent.Maven35Main C:\apache-maven-3.5.3 C:\Users\Lenovo\.jenkins\war\WEB-INF\lib\remoting-4.5.jar C:\Users\Lenovo\.jenkins\plugins\maven-plugin\WEB-INF\lib\maven35-interceptor-1.12-alpha-1.jar C:\Users\Lenovo\.jenkins\plugins\maven-plugin\WEB-INF\lib\maven3-interceptor-commons-1.12-alpha-1.jar 62390"/>
    <property name="HUDSON_URL" value="http://127.0.0.1:8080/"/>
    <property name="JENKINS_SERVER_COOKIE" value="0631cecedd819be2"/>
    <property name="POSTGRESQLPATH" value="C:\Program Files\PostgreSQL\12\bin;C:\Program Files\PostgreSQL\12\lib"/>
    <property name="EXECUTOR_NUMBER" value="1"/>
    <property name="Path" value="C:\Program Files\Java\jdk1.8.0_172/bin;C:\python37\Scripts\;C:\python37\;C:\Program Files (x86)\Common Files\Oracle\Java\javapath;C:\Program Files (x86)\Intel\iCLS Client\;C:\Program Files\Intel\iCLS Client\;C:\WINDOWS\system32;C:\WINDOWS;C:\WINDOWS\System32\Wbem;C:\WINDOWS\System32\WindowsPowerShell\v1.0\;C:\Program Files (x86)\Intel\Intel(R) Management Engine Components\DAL;C:\Program Files\Intel\Intel(R) Management Engine Components\DAL;C:\Program Files (x86)\Intel\Intel(R) Management Engine Components\IPT;C:\Program Files\Intel\Intel(R) Management Engine Components\IPT;C:\Program Files\Java\jdk1.8.0_172;C:\apache-maven-3.5.3\bin;C:\Program Files\Git\cmd;C:\Program Files\nodejs;C:\Users\Lenovo\AppData\Local\Android\Sdk;C:\Users\Lenovo\AppData\Local\Android\Sdk\tools;C:\Users\Lenovo\AppData\Local\Android\Sdk\platform-tools;C:\WINDOWS\System32\OpenSSH\;C:\MyWorkspace\SeleniumChromeDriver\;C:\python37;C:\python37\Scripts;C:\python37\DLLs;C:\python37\Lib;C:\python37\libs;;C:\Program Files\PostgreSQL\12\bin;C:\Program Files\PostgreSQL\12\lib;C:\MyWorkspace\SeleniumChromeDriver\83\;C:\MyWorkspace\SeleniumFirefoxDriver\2.6\;C:\MyWorkspace\IEDriver\;C:\Users\Lenovo\AppData\Local\Microsoft\WindowsApps;C:\Users\Lenovo\AppData\Roaming\npm;C:\Users\Lenovo\AppData\Roaming\Dashlane\5.12.0.19744\bin\Firefox_Extension\{442718d9-475e-452a-b3e1-fb1ee16b8e9f}\components;C:\Users\Lenovo\AppData\Roaming\Dashlane\5.12.0.19744\ucrt;"/>
    <property name="java.io.tmpdir" value="C:\Users\Lenovo\AppData\Local\Temp\"/>
    <property name="APPDATA" value="C:\Users\Lenovo\AppData\Roaming"/>
    <property name="user.language" value="de"/>
    <property name="line.separator" value="
"/>
    <property name="BUILD_URL" value="http://127.0.0.1:8080/job/WebAutomationPart2/14/"/>
    <property name="M2_HOME" value="C:\apache-maven-3.5.3"/>
    <property name="=C:" value="C:\jenkins"/>
    <property name="java.vm.info" value="mixed mode"/>
    <property name="DriverData" value="C:\Windows\System32\Drivers\DriverData"/>
    <property name="sun.desktop" value="windows"/>
    <property name="java.vm.specification.name" value="Java Virtual Machine Specification"/>
    <property name="BUILD_DISPLAY_NAME" value="#14"/>
    <property name="OS" value="Windows_NT"/>
    <property name="guice.disable.misplaced.annotation.check" value="true"/>
    <property name="HUDSON_SERVER_COOKIE" value="0631cecedd819be2"/>
    <property name="WORKSPACE_TMP" value="C:\Users\Lenovo\.jenkins\workspace\WebAutomationPart2@tmp"/>
    <property name="MAVEN_HOME" value="C:\apache-maven-3.5.3"/>
    <property name="SESSIONNAME" value="Console"/>
    <property name="PATHEXT" value=".COM;.EXE;.BAT;.CMD;.VBS;.VBE;.JS;.JSE;.WSF;.WSH;.MSC"/>
    <property name="java.awt.printerjob" value="sun.awt.windows.WPrinterJob"/>
    <property name="maven3.interceptor.common" value="C:\Users\Lenovo\.jenkins\plugins\maven-plugin\WEB-INF\lib\maven3-interceptor-commons-1.12-alpha-1.jar"/>
    <property name="CLASSPATH" value=""/>
    <property name="HOMEPATH" value="\Users\Lenovo"/>
    <property name="os.name" value="Windows 10"/>
    <property name="java.specification.vendor" value="Oracle Corporation"/>
    <property name="java.vm.name" value="Java HotSpot(TM) 64-Bit Server VM"/>
    <property name="BUILD_NUMBER" value="14"/>
    <property name="maven3.interceptor" value="C:\Users\Lenovo\.jenkins\plugins\maven-plugin\WEB-INF\lib\maven35-interceptor-1.12-alpha-1.jar"/>
    <property name="java.library.path" value="C:\Program Files\Java\jdk1.8.0_172\bin;C:\WINDOWS\Sun\Java\bin;C:\WINDOWS\system32;C:\WINDOWS;C:\apache-maven-3.5.3/bin;C:\Program Files\Java\jdk1.8.0_172/bin;C:\Program Files\Java\jdk1.8.0_172/bin;C:\python37\Scripts\;C:\python37\;C:\Program Files (x86)\Common Files\Oracle\Java\javapath;C:\Program Files (x86)\Intel\iCLS Client\;C:\Program Files\Intel\iCLS Client\;C:\WINDOWS\system32;C:\WINDOWS;C:\WINDOWS\System32\Wbem;C:\WINDOWS\System32\WindowsPowerShell\v1.0\;C:\Program Files (x86)\Intel\Intel(R) Management Engine Components\DAL;C:\Program Files\Intel\Intel(R) Management Engine Components\DAL;C:\Program Files (x86)\Intel\Intel(R) Management Engine Components\IPT;C:\Program Files\Intel\Intel(R) Management Engine Components\IPT;C:\Program Files\Java\jdk1.8.0_172;C:\apache-maven-3.5.3\bin;C:\Program Files\Git\cmd;C:\Program Files\nodejs;C:\Users\Lenovo\AppData\Local\Android\Sdk;C:\Users\Lenovo\AppData\Local\Android\Sdk\tools;C:\Users\Lenovo\AppData\Local\Android\Sdk\platform-tools;C:\WINDOWS\System32\OpenSSH\;C:\MyWorkspace\SeleniumChromeDriver\;C:\python37;C:\python37\Scripts;C:\python37\DLLs;C:\python37\Lib;C:\python37\libs;;C:\Program Files\PostgreSQL\12\bin;C:\Program Files\PostgreSQL\12\lib;C:\MyWorkspace\SeleniumChromeDriver\83\;C:\MyWorkspace\SeleniumFirefoxDriver\2.6\;C:\MyWorkspace\IEDriver\;C:\Users\Lenovo\AppData\Local\Microsoft\WindowsApps;C:\Users\Lenovo\AppData\Roaming\npm;C:\Users\Lenovo\AppData\Roaming\Dashlane\5.12.0.19744\bin\Firefox_Extension\{442718d9-475e-452a-b3e1-fb1ee16b8e9f}\components;C:\Users\Lenovo\AppData\Roaming\Dashlane\5.12.0.19744\ucrt;;."/>
    <property name="HOMEDRIVE" value="C:"/>
    <property name="POM_GROUPID" value="guineenews"/>
    <property name="POM_ARTIFACTID" value="guineenews"/>
    <property name="java.class.version" value="52.0"/>
    <property name="JOB_URL" value="http://127.0.0.1:8080/job/WebAutomationPart2/"/>
    <property name="OneDrive" value="C:\Users\Lenovo\OneDrive"/>
    <property name="RUN_DISPLAY_URL" value="http://127.0.0.1:8080/job/WebAutomationPart2/14/display/redirect"/>
    <property name="JENKINS_HOME" value="C:\Users\Lenovo\.jenkins"/>
    <property name="BUILD_ID" value="14"/>
    <property name="TEMP" value="C:\Users\Lenovo\AppData\Local\Temp"/>
    <property name="sun.boot.library.path" value="C:\Program Files\Java\jdk1.8.0_172\jre\bin"/>
    <property name="sun.management.compiler" value="HotSpot 64-Bit Tiered Compilers"/>
    <property name="java.awt.graphicsenv" value="sun.awt.Win32GraphicsEnvironment"/>
    <property name="user.variant" value=""/>
    <property name="PROCESSOR_REVISION" value="8e0a"/>
    <property name="POM_VERSION" value="1.0-SNAPSHOT"/>
    <property name="configsetroot" value="C:\WINDOWS\ConfigSetRoot"/>
    <property name="HUDSON_HOME" value="C:\Users\Lenovo\.jenkins"/>
    <property name="ProgramFiles(x86)" value="C:\Program Files (x86)"/>
    <property name="PATH+MAVEN" value="C:\apache-maven-3.5.3/bin"/>
    <property name="USERDOMAIN_ROAMINGPROFILE" value="LAPTOP-RN5VIIS5"/>
    <property name="PROMPT" value="$P$G"/>
    <property name="java.vm.specification.version" value="1.8"/>
    <property name="JAVA_HOME" value="C:\Program Files\Java\jdk1.8.0_172"/>
    <property name="awt.toolkit" value="sun.awt.windows.WToolkit"/>
    <property name="NODE_LABELS" value="master"/>
    <property name="sun.cpu.isalist" value="amd64"/>
    <property name="USERPROFILE" value="C:\Users\Lenovo"/>
    <property name="JOB_DISPLAY_URL" value="http://127.0.0.1:8080/job/WebAutomationPart2/display/redirect"/>
    <property name="java.ext.dirs" value="C:\Program Files\Java\jdk1.8.0_172\jre\lib\ext;C:\WINDOWS\Sun\Java\lib\ext"/>
    <property name="os.version" value="10.0"/>
    <property name="user.home" value="C:\Users\Lenovo"/>
    <property name="USERNAME" value="Lenovo"/>
    <property name="java.vm.vendor" value="Oracle Corporation"/>
    <property name="PROCESSOR_LEVEL" value="6"/>
    <property name="CommonProgramW6432" value="C:\Program Files\Common Files"/>
    <property name="user.dir" value="C:\MyWorkspace\guineenews"/>
    <property name="maven.conf" value="C:\apache-maven-3.5.3\conf"/>
    <property name="ProgramW6432" value="C:\Program Files"/>
    <property name="TMP" value="C:\Users\Lenovo\AppData\Local\Temp"/>
    <property name="CHROMEDRIVER_PATH" value="C:\MyWorkspace\SeleniumChromeDriver\83\"/>
    <property name="NODE_JS" value="C:\Program Files\nodejs"/>
    <property name="sun.cpu.endian" value="little"/>
    <property name="SystemDrive" value="C:"/>
    <property name="java.vm.version" value="25.172-b11"/>
    <property name="java.class.path" value="C:\Users\Lenovo\.jenkins\plugins\maven-plugin\WEB-INF\lib\maven35-agent-1.12-alpha-1.jar;C:\apache-maven-3.5.3\boot\plexus-classworlds-2.5.2.jar;C:\apache-maven-3.5.3/conf/logging"/>
    <property name="org.slf4j.simpleLogger.defaultLogLevel" value="info"/>
    <property name="os.arch" value="amd64"/>
    <property name="OneDriveConsumer" value="C:\Users\Lenovo\OneDrive"/>
    <property name="WORKSPACE" value="C:\Users\Lenovo\.jenkins\workspace\WebAutomationPart2"/>
    <property name="ComSpec" value="C:\WINDOWS\system32\cmd.exe"/>
    <property name="sun.java.launcher" value="SUN_STANDARD"/>
    <property name="FPS_BROWSER_APP_PROFILE_STRING" value="Internet Explorer"/>
    <property name="SystemRoot" value="C:\WINDOWS"/>
    <property name="CommonProgramFiles" value="C:\Program Files\Common Files"/>
    <property name="java.vm.specification.vendor" value="Oracle Corporation"/>
    <property name="FPS_BROWSER_USER_PROFILE_STRING" value="Default"/>
    <property name="file.separator" value="\"/>
    <property name="java.runtime.version" value="1.8.0_172-b11"/>
    <property name="ProgramFiles" value="C:\Program Files"/>
    <property name="sun.boot.class.path" value="C:\Program Files\Java\jdk1.8.0_172\jre\lib\resources.jar;C:\Program Files\Java\jdk1.8.0_172\jre\lib\rt.jar;C:\Program Files\Java\jdk1.8.0_172\jre\lib\sunrsasign.jar;C:\Program Files\Java\jdk1.8.0_172\jre\lib\jsse.jar;C:\Program Files\Java\jdk1.8.0_172\jre\lib\jce.jar;C:\Program Files\Java\jdk1.8.0_172\jre\lib\charsets.jar;C:\Program Files\Java\jdk1.8.0_172\jre\lib\jfr.jar;C:\Program Files\Java\jdk1.8.0_172\jre\classes"/>
    <property name="PATH+JDK" value="C:\Program Files\Java\jdk1.8.0_172/bin"/>
    <property name="user.country" value="DE"/>
    <property name="POM_PACKAGING" value="jar"/>
    <property name="maven.home" value="C:\apache-maven-3.5.3"/>
    <property name="JOB_BASE_NAME" value="WebAutomationPart2"/>
    <property name="java.vendor" value="Oracle Corporation"/>
    <property name="java.specification.version" value="1.8"/>
    <property name="POM_DISPLAYNAME" value="guineenews"/>
    <property name="sun.arch.data.model" value="64"/>
  </properties>
  <testcase classname="Spiegel Kultur Bestseller" name="Bestseller Books #1" time="38.942">
    <error message="Error
Build info: version: &apos;4.0.0-alpha-7&apos;, revision: &apos;de8579b6d5&apos;
System info: host: &apos;LAPTOP-RN5VIIS5&apos;, ip: &apos;192.168.142.1&apos;, os.name: &apos;Windows 10&apos;, os.arch: &apos;amd64&apos;, os.version: &apos;10.0&apos;, java.version: &apos;1.8.0_172&apos;
Driver info: driver.version: unknown" type="java.lang.Exception">java.lang.Exception: Error
Build info: version: &apos;4.0.0-alpha-7&apos;, revision: &apos;de8579b6d5&apos;
System info: host: &apos;LAPTOP-RN5VIIS5&apos;, ip: &apos;192.168.142.1&apos;, os.name: &apos;Windows 10&apos;, os.arch: &apos;amd64&apos;, os.version: &apos;10.0&apos;, java.version: &apos;1.8.0_172&apos;
Driver info: driver.version: unknown
	at steps.MenuSteps.i_click_top_menu(MenuSteps.java:84)
	at ✽.I click TopMenu &quot;Kultur&quot;(file:///C:/MyWorkspace/guineenews/src/test/resources/features/bestseller.feature:9)
</error>
    <system-out>
@spiegelCultureBestseller @bestsellerbooks
Scenario Outline: Bestseller Books        &amp;#27;[90m# src/test/resources/features/bestseller.feature:26&amp;#27;[0m
  &amp;#27;[32mGiven &amp;#27;[0m&amp;#27;[32mI start Spiegel&amp;#27;[0m                   &amp;#27;[90m# steps.MenuSteps.i_start_Spiegel()&amp;#27;[0m
  &amp;#27;[32mThen &amp;#27;[0m&amp;#27;[32mI click Akzeptieren und weiter&amp;#27;[0m     &amp;#27;[90m# steps.MenuSteps.i_click_Akzeptieren_und_weiter()&amp;#27;[0m
..taking screenshot..
.. screenshot taken..
  &amp;#27;[32mThen &amp;#27;[0m&amp;#27;[32mI bring &amp;#27;[0m&amp;#27;[32m&amp;#27;[1m&quot;Kultur&quot;&amp;#27;[0m&amp;#27;[32m menu into view&amp;#27;[0m    &amp;#27;[90m# steps.MenuSteps.i_bring_top_menu_into_view(java.lang.String)&amp;#27;[0m
..taking screenshot..
.. screenshot taken..
..taking screenshot..
.. screenshot taken..
  &amp;#27;[31mAnd &amp;#27;[0m&amp;#27;[31mI click TopMenu &amp;#27;[0m&amp;#27;[31m&amp;#27;[1m&quot;Kultur&quot;&amp;#27;[0m            &amp;#27;[90m# steps.MenuSteps.i_click_top_menu(java.lang.String)&amp;#27;[0m
      &amp;#27;[31mjava.lang.Exception: Error
Build info: version: &apos;4.0.0-alpha-7&apos;, revision: &apos;de8579b6d5&apos;
System info: host: &apos;LAPTOP-RN5VIIS5&apos;, ip: &apos;192.168.142.1&apos;, os.name: &apos;Windows 10&apos;, os.arch: &apos;amd64&apos;, os.version: &apos;10.0&apos;, java.version: &apos;1.8.0_172&apos;
Driver info: driver.version: unknown
	at steps.MenuSteps.i_click_top_menu(MenuSteps.java:84)
	at âœ½.I click TopMenu &quot;Kultur&quot;(file:///C:/MyWorkspace/guineenews/src/test/resources/features/bestseller.feature:9)
&amp;#27;[0m
  &amp;#27;[36mThen &amp;#27;[0m&amp;#27;[36mI click culture &amp;#27;[0m&amp;#27;[36m&amp;#27;[1mSPIEGEL-Bestseller&amp;#27;[0m &amp;#27;[90m# steps.CultureSteps.i_click_menu(java.lang.String)&amp;#27;[0m
  &amp;#27;[36mThen &amp;#27;[0m&amp;#27;[36mI click bestseller &amp;#27;[0m&amp;#27;[36m&amp;#27;[1mSachbuch&amp;#27;[0m        &amp;#27;[90m# steps.BestsellerSteps.i_click_bestseller_menu(java.lang.String)&amp;#27;[0m
  &amp;#27;[36mThen &amp;#27;[0m&amp;#27;[36mI scroll to a random bestseller&amp;#27;[0m    &amp;#27;[90m# steps.BestsellerSteps.i_scroll_to_random_bestseller_element()&amp;#27;[0m
  &amp;#27;[36mThen &amp;#27;[0m&amp;#27;[36mI click mehr anzeigen&amp;#27;[0m              &amp;#27;[90m# steps.BestsellerSteps.i_click_mehr_anzeigen()&amp;#27;[0m
  &amp;#27;[36mThen &amp;#27;[0m&amp;#27;[36mI move mouse over kaufen&amp;#27;[0m           &amp;#27;[90m# steps.BestsellerSteps.i_move_mouse_over_kaufen()&amp;#27;[0m
  &amp;#27;[36mThen &amp;#27;[0m&amp;#27;[36mI click bei &amp;#27;[0m&amp;#27;[36m&amp;#27;[1mThaila&amp;#27;[0m&amp;#27;[36m kaufen&amp;#27;[0m          &amp;#27;[90m# steps.BestsellerSteps.i_click_bei_vendor_kaufen(java.lang.String)&amp;#27;[0m
  &amp;#27;[36mThen &amp;#27;[0m&amp;#27;[36mI close the &amp;#27;[0m&amp;#27;[36m&amp;#27;[1mThaila&amp;#27;[0m&amp;#27;[36m tab&amp;#27;[0m             &amp;#27;[90m# steps.BestsellerSteps.i_close_vendor_tab(java.lang.String)&amp;#27;[0m
</system-out>
    <system-err>SLF4J: Failed to load class &quot;org.slf4j.impl.StaticLoggerBinder&quot;.
SLF4J: Defaulting to no-operation (NOP) logger implementation
SLF4J: See http://www.slf4j.org/codes.html#StaticLoggerBinder for further details.
Starting ChromeDriver 87.0.4280.20 (c99e81631faa0b2a448e658c0dbd8311fb04ddbd-refs/branch-heads/4280@{#355}) on port 26745
Only local connections are allowed.
Please see https://chromedriver.chromium.org/security-considerations for suggestions on keeping ChromeDriver safe.
ChromeDriver was started successfully.
Dez 03, 2020 8:14:01 AM org.openqa.selenium.remote.ProtocolHandshake createSession
INFORMATION: Detected dialect: W3C
Dez 03, 2020 8:14:01 AM org.openqa.selenium.devtools.CdpVersionFinder findNearestMatch
WARNUNG: Unable to find an exact match for CDP version 87, so returning the closest version found: 86
Dez 03, 2020 8:14:01 AM org.openqa.selenium.devtools.CdpVersionFinder findNearestMatch
INFORMATION: Found CDP implementation for version 87 of 86
</system-err>
  </testcase>
  <testcase classname="Spiegel Kultur Bestseller" name="Bestseller Books #2" time="45.764">
    <error type="java.lang.NullPointerException">java.lang.NullPointerException
	at core.SeleniumDriverWrapper.clickElement(SeleniumDriverWrapper.java:157)
	at pages.BestSellerBasePage.clickElementElementExpandButton(BestSellerBasePage.java:91)
	at steps.BestsellerSteps.i_click_mehr_anzeigen(BestsellerSteps.java:60)
	at ✽.I click mehr anzeigen(file:///C:/MyWorkspace/guineenews/src/test/resources/features/bestseller.feature:17)
</error>
    <system-out>
@spiegelCultureBestseller @bestsellerbooks
Scenario Outline: Bestseller Books        &amp;#27;[90m# src/test/resources/features/bestseller.feature:27&amp;#27;[0m
  &amp;#27;[32mGiven &amp;#27;[0m&amp;#27;[32mI start Spiegel&amp;#27;[0m                   &amp;#27;[90m# steps.MenuSteps.i_start_Spiegel()&amp;#27;[0m
  &amp;#27;[32mThen &amp;#27;[0m&amp;#27;[32mI click Akzeptieren und weiter&amp;#27;[0m     &amp;#27;[90m# steps.MenuSteps.i_click_Akzeptieren_und_weiter()&amp;#27;[0m
  &amp;#27;[32mThen &amp;#27;[0m&amp;#27;[32mI bring &amp;#27;[0m&amp;#27;[32m&amp;#27;[1m&quot;Kultur&quot;&amp;#27;[0m&amp;#27;[32m menu into view&amp;#27;[0m    &amp;#27;[90m# steps.MenuSteps.i_bring_top_menu_into_view(java.lang.String)&amp;#27;[0m
  &amp;#27;[32mAnd &amp;#27;[0m&amp;#27;[32mI click TopMenu &amp;#27;[0m&amp;#27;[32m&amp;#27;[1m&quot;Kultur&quot;&amp;#27;[0m            &amp;#27;[90m# steps.MenuSteps.i_click_top_menu(java.lang.String)&amp;#27;[0m
  &amp;#27;[32mThen &amp;#27;[0m&amp;#27;[32mI click culture &amp;#27;[0m&amp;#27;[32m&amp;#27;[1mSPIEGEL-Bestseller&amp;#27;[0m &amp;#27;[90m# steps.CultureSteps.i_click_menu(java.lang.String)&amp;#27;[0m
Belletristik
  &amp;#27;[32mThen &amp;#27;[0m&amp;#27;[32mI click bestseller &amp;#27;[0m&amp;#27;[32m&amp;#27;[1mBelletristik&amp;#27;[0m    &amp;#27;[90m# steps.BestsellerSteps.i_click_bestseller_menu(java.lang.String)&amp;#27;[0m
  &amp;#27;[32mThen &amp;#27;[0m&amp;#27;[32mI scroll to a random bestseller&amp;#27;[0m    &amp;#27;[90m# steps.BestsellerSteps.i_scroll_to_random_bestseller_element()&amp;#27;[0m
  &amp;#27;[31mThen &amp;#27;[0m&amp;#27;[31mI click mehr anzeigen&amp;#27;[0m              &amp;#27;[90m# steps.BestsellerSteps.i_click_mehr_anzeigen()&amp;#27;[0m
      &amp;#27;[31mjava.lang.NullPointerException
	at core.SeleniumDriverWrapper.clickElement(SeleniumDriverWrapper.java:157)
	at pages.BestSellerBasePage.clickElementElementExpandButton(BestSellerBasePage.java:91)
	at steps.BestsellerSteps.i_click_mehr_anzeigen(BestsellerSteps.java:60)
	at âœ½.I click mehr anzeigen(file:///C:/MyWorkspace/guineenews/src/test/resources/features/bestseller.feature:17)
&amp;#27;[0m
  &amp;#27;[36mThen &amp;#27;[0m&amp;#27;[36mI move mouse over kaufen&amp;#27;[0m           &amp;#27;[90m# steps.BestsellerSteps.i_move_mouse_over_kaufen()&amp;#27;[0m
  &amp;#27;[36mThen &amp;#27;[0m&amp;#27;[36mI click bei &amp;#27;[0m&amp;#27;[36m&amp;#27;[1mAmazon&amp;#27;[0m&amp;#27;[36m kaufen&amp;#27;[0m          &amp;#27;[90m# steps.BestsellerSteps.i_click_bei_vendor_kaufen(java.lang.String)&amp;#27;[0m
  &amp;#27;[36mThen &amp;#27;[0m&amp;#27;[36mI close the &amp;#27;[0m&amp;#27;[36m&amp;#27;[1mAmazon&amp;#27;[0m&amp;#27;[36m tab&amp;#27;[0m             &amp;#27;[90m# steps.BestsellerSteps.i_close_vendor_tab(java.lang.String)&amp;#27;[0m
</system-out>
  </testcase>
  <testcase classname="Spiegel Kultur Bestseller" name="Bestseller Books #3" time="46.572">
    <error type="java.lang.NullPointerException">java.lang.NullPointerException
	at core.SeleniumDriverWrapper.clickElement(SeleniumDriverWrapper.java:157)
	at pages.BestSellerBasePage.clickElementElementExpandButton(BestSellerBasePage.java:91)
	at steps.BestsellerSteps.i_click_mehr_anzeigen(BestsellerSteps.java:60)
	at ✽.I click mehr anzeigen(file:///C:/MyWorkspace/guineenews/src/test/resources/features/bestseller.feature:17)
</error>
    <system-out>
@spiegelCultureBestseller @bestsellerbooks
Scenario Outline: Bestseller Books        &amp;#27;[90m# src/test/resources/features/bestseller.feature:28&amp;#27;[0m
  &amp;#27;[32mGiven &amp;#27;[0m&amp;#27;[32mI start Spiegel&amp;#27;[0m                   &amp;#27;[90m# steps.MenuSteps.i_start_Spiegel()&amp;#27;[0m
  &amp;#27;[32mThen &amp;#27;[0m&amp;#27;[32mI click Akzeptieren und weiter&amp;#27;[0m     &amp;#27;[90m# steps.MenuSteps.i_click_Akzeptieren_und_weiter()&amp;#27;[0m
  &amp;#27;[32mThen &amp;#27;[0m&amp;#27;[32mI bring &amp;#27;[0m&amp;#27;[32m&amp;#27;[1m&quot;Kultur&quot;&amp;#27;[0m&amp;#27;[32m menu into view&amp;#27;[0m    &amp;#27;[90m# steps.MenuSteps.i_bring_top_menu_into_view(java.lang.String)&amp;#27;[0m
  &amp;#27;[32mAnd &amp;#27;[0m&amp;#27;[32mI click TopMenu &amp;#27;[0m&amp;#27;[32m&amp;#27;[1m&quot;Kultur&quot;&amp;#27;[0m            &amp;#27;[90m# steps.MenuSteps.i_click_top_menu(java.lang.String)&amp;#27;[0m
  &amp;#27;[32mThen &amp;#27;[0m&amp;#27;[32mI click culture &amp;#27;[0m&amp;#27;[32m&amp;#27;[1mSPIEGEL-Bestseller&amp;#27;[0m &amp;#27;[90m# steps.CultureSteps.i_click_menu(java.lang.String)&amp;#27;[0m
Kinder/ Jugend
  &amp;#27;[32mThen &amp;#27;[0m&amp;#27;[32mI click bestseller &amp;#27;[0m&amp;#27;[32m&amp;#27;[1mKinder/ Jugend&amp;#27;[0m  &amp;#27;[90m# steps.BestsellerSteps.i_click_bestseller_menu(java.lang.String)&amp;#27;[0m
  &amp;#27;[32mThen &amp;#27;[0m&amp;#27;[32mI scroll to a random bestseller&amp;#27;[0m    &amp;#27;[90m# steps.BestsellerSteps.i_scroll_to_random_bestseller_element()&amp;#27;[0m
  &amp;#27;[31mThen &amp;#27;[0m&amp;#27;[31mI click mehr anzeigen&amp;#27;[0m              &amp;#27;[90m# steps.BestsellerSteps.i_click_mehr_anzeigen()&amp;#27;[0m
      &amp;#27;[31mjava.lang.NullPointerException
	at core.SeleniumDriverWrapper.clickElement(SeleniumDriverWrapper.java:157)
	at pages.BestSellerBasePage.clickElementElementExpandButton(BestSellerBasePage.java:91)
	at steps.BestsellerSteps.i_click_mehr_anzeigen(BestsellerSteps.java:60)
	at âœ½.I click mehr anzeigen(file:///C:/MyWorkspace/guineenews/src/test/resources/features/bestseller.feature:17)
&amp;#27;[0m
  &amp;#27;[36mThen &amp;#27;[0m&amp;#27;[36mI move mouse over kaufen&amp;#27;[0m           &amp;#27;[90m# steps.BestsellerSteps.i_move_mouse_over_kaufen()&amp;#27;[0m
  &amp;#27;[36mThen &amp;#27;[0m&amp;#27;[36mI click bei &amp;#27;[0m&amp;#27;[36m&amp;#27;[1mThaila&amp;#27;[0m&amp;#27;[36m kaufen&amp;#27;[0m          &amp;#27;[90m# steps.BestsellerSteps.i_click_bei_vendor_kaufen(java.lang.String)&amp;#27;[0m
  &amp;#27;[36mThen &amp;#27;[0m&amp;#27;[36mI close the &amp;#27;[0m&amp;#27;[36m&amp;#27;[1mThaila&amp;#27;[0m&amp;#27;[36m tab&amp;#27;[0m             &amp;#27;[90m# steps.BestsellerSteps.i_close_vendor_tab(java.lang.String)&amp;#27;[0m
</system-out>
  </testcase>
  <testcase classname="Spiegel Kultur Bestseller" name="Bestseller DVD #1" time="58.588">
    <error type="java.lang.NullPointerException">java.lang.NullPointerException
	at core.SeleniumDriverWrapper.clickElement(SeleniumDriverWrapper.java:157)
	at pages.BestSellerBasePage.clickElementElementExpandButton(BestSellerBasePage.java:91)
	at steps.BestsellerSteps.i_click_mehr_anzeigen(BestsellerSteps.java:60)
	at ✽.I click mehr anzeigen(file:///C:/MyWorkspace/guineenews/src/test/resources/features/bestseller.feature:39)
</error>
    <system-out>
@spiegelCultureBestseller @bestsellerDVD
Scenario Outline: Bestseller DVD                  &amp;#27;[90m# src/test/resources/features/bestseller.feature:47&amp;#27;[0m
  &amp;#27;[32mGiven &amp;#27;[0m&amp;#27;[32mI start Spiegel&amp;#27;[0m                           &amp;#27;[90m# steps.MenuSteps.i_start_Spiegel()&amp;#27;[0m
  &amp;#27;[32mThen &amp;#27;[0m&amp;#27;[32mI click Akzeptieren und weiter&amp;#27;[0m             &amp;#27;[90m# steps.MenuSteps.i_click_Akzeptieren_und_weiter()&amp;#27;[0m
  &amp;#27;[32mThen &amp;#27;[0m&amp;#27;[32mI bring &amp;#27;[0m&amp;#27;[32m&amp;#27;[1m&quot;Kultur&quot;&amp;#27;[0m&amp;#27;[32m menu into view&amp;#27;[0m            &amp;#27;[90m# steps.MenuSteps.i_bring_top_menu_into_view(java.lang.String)&amp;#27;[0m
  &amp;#27;[32mAnd &amp;#27;[0m&amp;#27;[32mI click TopMenu &amp;#27;[0m&amp;#27;[32m&amp;#27;[1m&quot;Kultur&quot;&amp;#27;[0m                    &amp;#27;[90m# steps.MenuSteps.i_click_top_menu(java.lang.String)&amp;#27;[0m
  &amp;#27;[32mThen &amp;#27;[0m&amp;#27;[32mI click culture &amp;#27;[0m&amp;#27;[32m&amp;#27;[1mSPIEGEL-Bestseller&amp;#27;[0m         &amp;#27;[90m# steps.CultureSteps.i_click_menu(java.lang.String)&amp;#27;[0m
DVD
  &amp;#27;[32mThen &amp;#27;[0m&amp;#27;[32mI click bestseller &amp;#27;[0m&amp;#27;[32m&amp;#27;[1mDVD&amp;#27;[0m                     &amp;#27;[90m# steps.BestsellerSteps.i_click_bestseller_menu(java.lang.String)&amp;#27;[0m
  &amp;#27;[32mThen &amp;#27;[0m&amp;#27;[32mI click the bestseller sub_menu &amp;#27;[0m&amp;#27;[32m&amp;#27;[1mTV &amp; Hobby&amp;#27;[0m &amp;#27;[90m# steps.BestsellerSteps.i_click_bestseller_sub_menu(java.lang.String)&amp;#27;[0m
  &amp;#27;[32mThen &amp;#27;[0m&amp;#27;[32mI scroll to a random bestseller&amp;#27;[0m            &amp;#27;[90m# steps.BestsellerSteps.i_scroll_to_random_bestseller_element()&amp;#27;[0m
  &amp;#27;[31mThen &amp;#27;[0m&amp;#27;[31mI click mehr anzeigen&amp;#27;[0m                      &amp;#27;[90m# steps.BestsellerSteps.i_click_mehr_anzeigen()&amp;#27;[0m
      &amp;#27;[31mjava.lang.NullPointerException
	at core.SeleniumDriverWrapper.clickElement(SeleniumDriverWrapper.java:157)
	at pages.BestSellerBasePage.clickElementElementExpandButton(BestSellerBasePage.java:91)
	at steps.BestsellerSteps.i_click_mehr_anzeigen(BestsellerSteps.java:60)
	at âœ½.I click mehr anzeigen(file:///C:/MyWorkspace/guineenews/src/test/resources/features/bestseller.feature:39)
&amp;#27;[0m
  &amp;#27;[36mThen &amp;#27;[0m&amp;#27;[36mI move mouse over kaufen&amp;#27;[0m                   &amp;#27;[90m# steps.BestsellerSteps.i_move_mouse_over_kaufen()&amp;#27;[0m
  &amp;#27;[36mThen &amp;#27;[0m&amp;#27;[36mI click bei &amp;#27;[0m&amp;#27;[36m&amp;#27;[1mAmazon&amp;#27;[0m&amp;#27;[36m kaufen&amp;#27;[0m                  &amp;#27;[90m# steps.BestsellerSteps.i_click_bei_vendor_kaufen(java.lang.String)&amp;#27;[0m
  &amp;#27;[36mThen &amp;#27;[0m&amp;#27;[36mI close the &amp;#27;[0m&amp;#27;[36m&amp;#27;[1mAmazon&amp;#27;[0m&amp;#27;[36m tab&amp;#27;[0m                     &amp;#27;[90m# steps.BestsellerSteps.i_close_vendor_tab(java.lang.String)&amp;#27;[0m
</system-out>
  </testcase>
  <testcase classname="Spiegel Kultur Bestseller" name="Bestseller DVD #2" time="59.443">
    <error type="java.lang.NullPointerException">java.lang.NullPointerException
	at core.SeleniumDriverWrapper.clickElement(SeleniumDriverWrapper.java:157)
	at pages.BestSellerBasePage.clickElementElementExpandButton(BestSellerBasePage.java:91)
	at steps.BestsellerSteps.i_click_mehr_anzeigen(BestsellerSteps.java:60)
	at ✽.I click mehr anzeigen(file:///C:/MyWorkspace/guineenews/src/test/resources/features/bestseller.feature:39)
</error>
    <system-out>
@spiegelCultureBestseller @bestsellerDVD
Scenario Outline: Bestseller DVD                  &amp;#27;[90m# src/test/resources/features/bestseller.feature:48&amp;#27;[0m
  &amp;#27;[32mGiven &amp;#27;[0m&amp;#27;[32mI start Spiegel&amp;#27;[0m                           &amp;#27;[90m# steps.MenuSteps.i_start_Spiegel()&amp;#27;[0m
  &amp;#27;[32mThen &amp;#27;[0m&amp;#27;[32mI click Akzeptieren und weiter&amp;#27;[0m             &amp;#27;[90m# steps.MenuSteps.i_click_Akzeptieren_und_weiter()&amp;#27;[0m
  &amp;#27;[32mThen &amp;#27;[0m&amp;#27;[32mI bring &amp;#27;[0m&amp;#27;[32m&amp;#27;[1m&quot;Kultur&quot;&amp;#27;[0m&amp;#27;[32m menu into view&amp;#27;[0m            &amp;#27;[90m# steps.MenuSteps.i_bring_top_menu_into_view(java.lang.String)&amp;#27;[0m
  &amp;#27;[32mAnd &amp;#27;[0m&amp;#27;[32mI click TopMenu &amp;#27;[0m&amp;#27;[32m&amp;#27;[1m&quot;Kultur&quot;&amp;#27;[0m                    &amp;#27;[90m# steps.MenuSteps.i_click_top_menu(java.lang.String)&amp;#27;[0m
  &amp;#27;[32mThen &amp;#27;[0m&amp;#27;[32mI click culture &amp;#27;[0m&amp;#27;[32m&amp;#27;[1mSPIEGEL-Bestseller&amp;#27;[0m         &amp;#27;[90m# steps.CultureSteps.i_click_menu(java.lang.String)&amp;#27;[0m
DVD
  &amp;#27;[32mThen &amp;#27;[0m&amp;#27;[32mI click bestseller &amp;#27;[0m&amp;#27;[32m&amp;#27;[1mDVD&amp;#27;[0m                     &amp;#27;[90m# steps.BestsellerSteps.i_click_bestseller_menu(java.lang.String)&amp;#27;[0m
  &amp;#27;[32mThen &amp;#27;[0m&amp;#27;[32mI click the bestseller sub_menu &amp;#27;[0m&amp;#27;[32m&amp;#27;[1mTV &amp; Hobby&amp;#27;[0m &amp;#27;[90m# steps.BestsellerSteps.i_click_bestseller_sub_menu(java.lang.String)&amp;#27;[0m
  &amp;#27;[32mThen &amp;#27;[0m&amp;#27;[32mI scroll to a random bestseller&amp;#27;[0m            &amp;#27;[90m# steps.BestsellerSteps.i_scroll_to_random_bestseller_element()&amp;#27;[0m
  &amp;#27;[31mThen &amp;#27;[0m&amp;#27;[31mI click mehr anzeigen&amp;#27;[0m                      &amp;#27;[90m# steps.BestsellerSteps.i_click_mehr_anzeigen()&amp;#27;[0m
      &amp;#27;[31mjava.lang.NullPointerException
	at core.SeleniumDriverWrapper.clickElement(SeleniumDriverWrapper.java:157)
	at pages.BestSellerBasePage.clickElementElementExpandButton(BestSellerBasePage.java:91)
	at steps.BestsellerSteps.i_click_mehr_anzeigen(BestsellerSteps.java:60)
	at âœ½.I click mehr anzeigen(file:///C:/MyWorkspace/guineenews/src/test/resources/features/bestseller.feature:39)
&amp;#27;[0m
  &amp;#27;[36mThen &amp;#27;[0m&amp;#27;[36mI move mouse over kaufen&amp;#27;[0m                   &amp;#27;[90m# steps.BestsellerSteps.i_move_mouse_over_kaufen()&amp;#27;[0m
  &amp;#27;[36mThen &amp;#27;[0m&amp;#27;[36mI click bei &amp;#27;[0m&amp;#27;[36m&amp;#27;[1mThaila&amp;#27;[0m&amp;#27;[36m kaufen&amp;#27;[0m                  &amp;#27;[90m# steps.BestsellerSteps.i_click_bei_vendor_kaufen(java.lang.String)&amp;#27;[0m
  &amp;#27;[36mThen &amp;#27;[0m&amp;#27;[36mI close the &amp;#27;[0m&amp;#27;[36m&amp;#27;[1mThaila&amp;#27;[0m&amp;#27;[36m tab&amp;#27;[0m                     &amp;#27;[90m# steps.BestsellerSteps.i_close_vendor_tab(java.lang.String)&amp;#27;[0m
</system-out>
  </testcase>
  <testcase classname="Spiegel Kultur Bestseller" name="Bestseller Ratgeber #1" time="59.782">
    <error type="java.lang.NullPointerException">java.lang.NullPointerException
	at core.SeleniumDriverWrapper.clickElement(SeleniumDriverWrapper.java:157)
	at pages.BestSellerBasePage.clickElementElementExpandButton(BestSellerBasePage.java:91)
	at steps.BestsellerSteps.i_click_mehr_anzeigen(BestsellerSteps.java:60)
	at ✽.I click mehr anzeigen(file:///C:/MyWorkspace/guineenews/src/test/resources/features/bestseller.feature:55)
</error>
    <system-out>
@spiegelCultureBestseller @bestsellerRatgeber
Scenario Outline: Bestseller Ratgeber                     &amp;#27;[90m# src/test/resources/features/bestseller.feature:63&amp;#27;[0m
  &amp;#27;[32mGiven &amp;#27;[0m&amp;#27;[32mI start Spiegel&amp;#27;[0m                                   &amp;#27;[90m# steps.MenuSteps.i_start_Spiegel()&amp;#27;[0m
  &amp;#27;[32mThen &amp;#27;[0m&amp;#27;[32mI click Akzeptieren und weiter&amp;#27;[0m                     &amp;#27;[90m# steps.MenuSteps.i_click_Akzeptieren_und_weiter()&amp;#27;[0m
  &amp;#27;[32mThen &amp;#27;[0m&amp;#27;[32mI bring &amp;#27;[0m&amp;#27;[32m&amp;#27;[1m&quot;Kultur&quot;&amp;#27;[0m&amp;#27;[32m menu into view&amp;#27;[0m                    &amp;#27;[90m# steps.MenuSteps.i_bring_top_menu_into_view(java.lang.String)&amp;#27;[0m
  &amp;#27;[32mAnd &amp;#27;[0m&amp;#27;[32mI click TopMenu &amp;#27;[0m&amp;#27;[32m&amp;#27;[1m&quot;Kultur&quot;&amp;#27;[0m                            &amp;#27;[90m# steps.MenuSteps.i_click_top_menu(java.lang.String)&amp;#27;[0m
  &amp;#27;[32mThen &amp;#27;[0m&amp;#27;[32mI click culture &amp;#27;[0m&amp;#27;[32m&amp;#27;[1mSPIEGEL-Bestseller&amp;#27;[0m                 &amp;#27;[90m# steps.CultureSteps.i_click_menu(java.lang.String)&amp;#27;[0m
Ratgeber
  &amp;#27;[32mThen &amp;#27;[0m&amp;#27;[32mI click bestseller &amp;#27;[0m&amp;#27;[32m&amp;#27;[1mRatgeber&amp;#27;[0m                        &amp;#27;[90m# steps.BestsellerSteps.i_click_bestseller_menu(java.lang.String)&amp;#27;[0m
  &amp;#27;[32mThen &amp;#27;[0m&amp;#27;[32mI click the bestseller sub_menu &amp;#27;[0m&amp;#27;[32m&amp;#27;[1mLeben &amp; Gesundheit&amp;#27;[0m &amp;#27;[90m# steps.BestsellerSteps.i_click_bestseller_sub_menu(java.lang.String)&amp;#27;[0m
  &amp;#27;[32mThen &amp;#27;[0m&amp;#27;[32mI scroll to a random bestseller&amp;#27;[0m                    &amp;#27;[90m# steps.BestsellerSteps.i_scroll_to_random_bestseller_element()&amp;#27;[0m
  &amp;#27;[31mThen &amp;#27;[0m&amp;#27;[31mI click mehr anzeigen&amp;#27;[0m                              &amp;#27;[90m# steps.BestsellerSteps.i_click_mehr_anzeigen()&amp;#27;[0m
      &amp;#27;[31mjava.lang.NullPointerException
	at core.SeleniumDriverWrapper.clickElement(SeleniumDriverWrapper.java:157)
	at pages.BestSellerBasePage.clickElementElementExpandButton(BestSellerBasePage.java:91)
	at steps.BestsellerSteps.i_click_mehr_anzeigen(BestsellerSteps.java:60)
	at âœ½.I click mehr anzeigen(file:///C:/MyWorkspace/guineenews/src/test/resources/features/bestseller.feature:55)
&amp;#27;[0m
  &amp;#27;[36mThen &amp;#27;[0m&amp;#27;[36mI move mouse over kaufen&amp;#27;[0m                           &amp;#27;[90m# steps.BestsellerSteps.i_move_mouse_over_kaufen()&amp;#27;[0m
  &amp;#27;[36mThen &amp;#27;[0m&amp;#27;[36mI click bei &amp;#27;[0m&amp;#27;[36m&amp;#27;[1mThaila&amp;#27;[0m&amp;#27;[36m kaufen&amp;#27;[0m                          &amp;#27;[90m# steps.BestsellerSteps.i_click_bei_vendor_kaufen(java.lang.String)&amp;#27;[0m
  &amp;#27;[36mThen &amp;#27;[0m&amp;#27;[36mI close the &amp;#27;[0m&amp;#27;[36m&amp;#27;[1mThaila&amp;#27;[0m&amp;#27;[36m tab&amp;#27;[0m                             &amp;#27;[90m# steps.BestsellerSteps.i_close_vendor_tab(java.lang.String)&amp;#27;[0m
</system-out>
  </testcase>
  <testcase classname="Spiegel Kultur Bestseller" name="Bestseller Ratgeber #2" time="61.777">
    <error type="java.lang.NullPointerException">java.lang.NullPointerException
	at core.SeleniumDriverWrapper.clickElement(SeleniumDriverWrapper.java:157)
	at pages.BestSellerBasePage.clickElementElementExpandButton(BestSellerBasePage.java:91)
	at steps.BestsellerSteps.i_click_mehr_anzeigen(BestsellerSteps.java:60)
	at ✽.I click mehr anzeigen(file:///C:/MyWorkspace/guineenews/src/test/resources/features/bestseller.feature:55)
</error>
    <system-out>
@spiegelCultureBestseller @bestsellerRatgeber
Scenario Outline: Bestseller Ratgeber                  &amp;#27;[90m# src/test/resources/features/bestseller.feature:64&amp;#27;[0m
  &amp;#27;[32mGiven &amp;#27;[0m&amp;#27;[32mI start Spiegel&amp;#27;[0m                                &amp;#27;[90m# steps.MenuSteps.i_start_Spiegel()&amp;#27;[0m
  &amp;#27;[32mThen &amp;#27;[0m&amp;#27;[32mI click Akzeptieren und weiter&amp;#27;[0m                  &amp;#27;[90m# steps.MenuSteps.i_click_Akzeptieren_und_weiter()&amp;#27;[0m
  &amp;#27;[32mThen &amp;#27;[0m&amp;#27;[32mI bring &amp;#27;[0m&amp;#27;[32m&amp;#27;[1m&quot;Kultur&quot;&amp;#27;[0m&amp;#27;[32m menu into view&amp;#27;[0m                 &amp;#27;[90m# steps.MenuSteps.i_bring_top_menu_into_view(java.lang.String)&amp;#27;[0m
  &amp;#27;[32mAnd &amp;#27;[0m&amp;#27;[32mI click TopMenu &amp;#27;[0m&amp;#27;[32m&amp;#27;[1m&quot;Kultur&quot;&amp;#27;[0m                         &amp;#27;[90m# steps.MenuSteps.i_click_top_menu(java.lang.String)&amp;#27;[0m
  &amp;#27;[32mThen &amp;#27;[0m&amp;#27;[32mI click culture &amp;#27;[0m&amp;#27;[32m&amp;#27;[1mSPIEGEL-Bestseller&amp;#27;[0m              &amp;#27;[90m# steps.CultureSteps.i_click_menu(java.lang.String)&amp;#27;[0m
Ratgeber
  &amp;#27;[32mThen &amp;#27;[0m&amp;#27;[32mI click bestseller &amp;#27;[0m&amp;#27;[32m&amp;#27;[1mRatgeber&amp;#27;[0m                     &amp;#27;[90m# steps.BestsellerSteps.i_click_bestseller_menu(java.lang.String)&amp;#27;[0m
  &amp;#27;[32mThen &amp;#27;[0m&amp;#27;[32mI click the bestseller sub_menu &amp;#27;[0m&amp;#27;[32m&amp;#27;[1mEssen &amp; Trinken&amp;#27;[0m &amp;#27;[90m# steps.BestsellerSteps.i_click_bestseller_sub_menu(java.lang.String)&amp;#27;[0m
  &amp;#27;[32mThen &amp;#27;[0m&amp;#27;[32mI scroll to a random bestseller&amp;#27;[0m                 &amp;#27;[90m# steps.BestsellerSteps.i_scroll_to_random_bestseller_element()&amp;#27;[0m
  &amp;#27;[31mThen &amp;#27;[0m&amp;#27;[31mI click mehr anzeigen&amp;#27;[0m                           &amp;#27;[90m# steps.BestsellerSteps.i_click_mehr_anzeigen()&amp;#27;[0m
      &amp;#27;[31mjava.lang.NullPointerException
	at core.SeleniumDriverWrapper.clickElement(SeleniumDriverWrapper.java:157)
	at pages.BestSellerBasePage.clickElementElementExpandButton(BestSellerBasePage.java:91)
	at steps.BestsellerSteps.i_click_mehr_anzeigen(BestsellerSteps.java:60)
	at âœ½.I click mehr anzeigen(file:///C:/MyWorkspace/guineenews/src/test/resources/features/bestseller.feature:55)
&amp;#27;[0m
  &amp;#27;[36mThen &amp;#27;[0m&amp;#27;[36mI move mouse over kaufen&amp;#27;[0m                        &amp;#27;[90m# steps.BestsellerSteps.i_move_mouse_over_kaufen()&amp;#27;[0m
  &amp;#27;[36mThen &amp;#27;[0m&amp;#27;[36mI click bei &amp;#27;[0m&amp;#27;[36m&amp;#27;[1mAmazon&amp;#27;[0m&amp;#27;[36m kaufen&amp;#27;[0m                       &amp;#27;[90m# steps.BestsellerSteps.i_click_bei_vendor_kaufen(java.lang.String)&amp;#27;[0m
  &amp;#27;[36mThen &amp;#27;[0m&amp;#27;[36mI close the &amp;#27;[0m&amp;#27;[36m&amp;#27;[1mAmazon&amp;#27;[0m&amp;#27;[36m tab&amp;#27;[0m                          &amp;#27;[90m# steps.BestsellerSteps.i_close_vendor_tab(java.lang.String)&amp;#27;[0m
</system-out>
  </testcase>
  <testcase classname="Spiegel Kultur Bestseller" name="Bestseller Ratgeber #3" time="61.459">
    <error type="java.lang.NullPointerException">java.lang.NullPointerException
	at core.SeleniumDriverWrapper.clickElement(SeleniumDriverWrapper.java:157)
	at pages.BestSellerBasePage.clickElementElementExpandButton(BestSellerBasePage.java:91)
	at steps.BestsellerSteps.i_click_mehr_anzeigen(BestsellerSteps.java:60)
	at ✽.I click mehr anzeigen(file:///C:/MyWorkspace/guineenews/src/test/resources/features/bestseller.feature:55)
</error>
    <system-out>
@spiegelCultureBestseller @bestsellerRatgeber
Scenario Outline: Bestseller Ratgeber                 &amp;#27;[90m# src/test/resources/features/bestseller.feature:65&amp;#27;[0m
  &amp;#27;[32mGiven &amp;#27;[0m&amp;#27;[32mI start Spiegel&amp;#27;[0m                               &amp;#27;[90m# steps.MenuSteps.i_start_Spiegel()&amp;#27;[0m
  &amp;#27;[32mThen &amp;#27;[0m&amp;#27;[32mI click Akzeptieren und weiter&amp;#27;[0m                 &amp;#27;[90m# steps.MenuSteps.i_click_Akzeptieren_und_weiter()&amp;#27;[0m
  &amp;#27;[32mThen &amp;#27;[0m&amp;#27;[32mI bring &amp;#27;[0m&amp;#27;[32m&amp;#27;[1m&quot;Kultur&quot;&amp;#27;[0m&amp;#27;[32m menu into view&amp;#27;[0m                &amp;#27;[90m# steps.MenuSteps.i_bring_top_menu_into_view(java.lang.String)&amp;#27;[0m
  &amp;#27;[32mAnd &amp;#27;[0m&amp;#27;[32mI click TopMenu &amp;#27;[0m&amp;#27;[32m&amp;#27;[1m&quot;Kultur&quot;&amp;#27;[0m                        &amp;#27;[90m# steps.MenuSteps.i_click_top_menu(java.lang.String)&amp;#27;[0m
  &amp;#27;[32mThen &amp;#27;[0m&amp;#27;[32mI click culture &amp;#27;[0m&amp;#27;[32m&amp;#27;[1mSPIEGEL-Bestseller&amp;#27;[0m             &amp;#27;[90m# steps.CultureSteps.i_click_menu(java.lang.String)&amp;#27;[0m
Ratgeber
  &amp;#27;[32mThen &amp;#27;[0m&amp;#27;[32mI click bestseller &amp;#27;[0m&amp;#27;[32m&amp;#27;[1mRatgeber&amp;#27;[0m                    &amp;#27;[90m# steps.BestsellerSteps.i_click_bestseller_menu(java.lang.String)&amp;#27;[0m
  &amp;#27;[32mThen &amp;#27;[0m&amp;#27;[32mI click the bestseller sub_menu &amp;#27;[0m&amp;#27;[32m&amp;#27;[1mNatur &amp; Garten&amp;#27;[0m &amp;#27;[90m# steps.BestsellerSteps.i_click_bestseller_sub_menu(java.lang.String)&amp;#27;[0m
  &amp;#27;[32mThen &amp;#27;[0m&amp;#27;[32mI scroll to a random bestseller&amp;#27;[0m                &amp;#27;[90m# steps.BestsellerSteps.i_scroll_to_random_bestseller_element()&amp;#27;[0m
  &amp;#27;[31mThen &amp;#27;[0m&amp;#27;[31mI click mehr anzeigen&amp;#27;[0m                          &amp;#27;[90m# steps.BestsellerSteps.i_click_mehr_anzeigen()&amp;#27;[0m
      &amp;#27;[31mjava.lang.NullPointerException
	at core.SeleniumDriverWrapper.clickElement(SeleniumDriverWrapper.java:157)
	at pages.BestSellerBasePage.clickElementElementExpandButton(BestSellerBasePage.java:91)
	at steps.BestsellerSteps.i_click_mehr_anzeigen(BestsellerSteps.java:60)
	at âœ½.I click mehr anzeigen(file:///C:/MyWorkspace/guineenews/src/test/resources/features/bestseller.feature:55)
&amp;#27;[0m
  &amp;#27;[36mThen &amp;#27;[0m&amp;#27;[36mI move mouse over kaufen&amp;#27;[0m                       &amp;#27;[90m# steps.BestsellerSteps.i_move_mouse_over_kaufen()&amp;#27;[0m
  &amp;#27;[36mThen &amp;#27;[0m&amp;#27;[36mI click bei &amp;#27;[0m&amp;#27;[36m&amp;#27;[1mThaila&amp;#27;[0m&amp;#27;[36m kaufen&amp;#27;[0m                      &amp;#27;[90m# steps.BestsellerSteps.i_click_bei_vendor_kaufen(java.lang.String)&amp;#27;[0m
  &amp;#27;[36mThen &amp;#27;[0m&amp;#27;[36mI close the &amp;#27;[0m&amp;#27;[36m&amp;#27;[1mThaila&amp;#27;[0m&amp;#27;[36m tab&amp;#27;[0m                         &amp;#27;[90m# steps.BestsellerSteps.i_close_vendor_tab(java.lang.String)&amp;#27;[0m
</system-out>
  </testcase>
  <testcase classname="Spiegel Kultur Bestseller" name="Bestseller Ratgeber #4" time="58.189">
    <error type="java.lang.NullPointerException">java.lang.NullPointerException
	at core.SeleniumDriverWrapper.clickElement(SeleniumDriverWrapper.java:157)
	at pages.BestSellerBasePage.clickElementElementExpandButton(BestSellerBasePage.java:91)
	at steps.BestsellerSteps.i_click_mehr_anzeigen(BestsellerSteps.java:60)
	at ✽.I click mehr anzeigen(file:///C:/MyWorkspace/guineenews/src/test/resources/features/bestseller.feature:55)
</error>
    <system-out>
@spiegelCultureBestseller @bestsellerRatgeber
Scenario Outline: Bestseller Ratgeber                      &amp;#27;[90m# src/test/resources/features/bestseller.feature:66&amp;#27;[0m
  &amp;#27;[32mGiven &amp;#27;[0m&amp;#27;[32mI start Spiegel&amp;#27;[0m                                    &amp;#27;[90m# steps.MenuSteps.i_start_Spiegel()&amp;#27;[0m
  &amp;#27;[32mThen &amp;#27;[0m&amp;#27;[32mI click Akzeptieren und weiter&amp;#27;[0m                      &amp;#27;[90m# steps.MenuSteps.i_click_Akzeptieren_und_weiter()&amp;#27;[0m
  &amp;#27;[32mThen &amp;#27;[0m&amp;#27;[32mI bring &amp;#27;[0m&amp;#27;[32m&amp;#27;[1m&quot;Kultur&quot;&amp;#27;[0m&amp;#27;[32m menu into view&amp;#27;[0m                     &amp;#27;[90m# steps.MenuSteps.i_bring_top_menu_into_view(java.lang.String)&amp;#27;[0m
  &amp;#27;[32mAnd &amp;#27;[0m&amp;#27;[32mI click TopMenu &amp;#27;[0m&amp;#27;[32m&amp;#27;[1m&quot;Kultur&quot;&amp;#27;[0m                             &amp;#27;[90m# steps.MenuSteps.i_click_top_menu(java.lang.String)&amp;#27;[0m
  &amp;#27;[32mThen &amp;#27;[0m&amp;#27;[32mI click culture &amp;#27;[0m&amp;#27;[32m&amp;#27;[1mSPIEGEL-Bestseller&amp;#27;[0m                  &amp;#27;[90m# steps.CultureSteps.i_click_menu(java.lang.String)&amp;#27;[0m
Ratgeber
  &amp;#27;[32mThen &amp;#27;[0m&amp;#27;[32mI click bestseller &amp;#27;[0m&amp;#27;[32m&amp;#27;[1mRatgeber&amp;#27;[0m                         &amp;#27;[90m# steps.BestsellerSteps.i_click_bestseller_menu(java.lang.String)&amp;#27;[0m
  &amp;#27;[32mThen &amp;#27;[0m&amp;#27;[32mI click the bestseller sub_menu &amp;#27;[0m&amp;#27;[32m&amp;#27;[1mHobby &amp; KreativitÃ¤t&amp;#27;[0m &amp;#27;[90m# steps.BestsellerSteps.i_click_bestseller_sub_menu(java.lang.String)&amp;#27;[0m
  &amp;#27;[32mThen &amp;#27;[0m&amp;#27;[32mI scroll to a random bestseller&amp;#27;[0m                     &amp;#27;[90m# steps.BestsellerSteps.i_scroll_to_random_bestseller_element()&amp;#27;[0m
  &amp;#27;[31mThen &amp;#27;[0m&amp;#27;[31mI click mehr anzeigen&amp;#27;[0m                               &amp;#27;[90m# steps.BestsellerSteps.i_click_mehr_anzeigen()&amp;#27;[0m
      &amp;#27;[31mjava.lang.NullPointerException
	at core.SeleniumDriverWrapper.clickElement(SeleniumDriverWrapper.java:157)
	at pages.BestSellerBasePage.clickElementElementExpandButton(BestSellerBasePage.java:91)
	at steps.BestsellerSteps.i_click_mehr_anzeigen(BestsellerSteps.java:60)
	at âœ½.I click mehr anzeigen(file:///C:/MyWorkspace/guineenews/src/test/resources/features/bestseller.feature:55)
&amp;#27;[0m
  &amp;#27;[36mThen &amp;#27;[0m&amp;#27;[36mI move mouse over kaufen&amp;#27;[0m                            &amp;#27;[90m# steps.BestsellerSteps.i_move_mouse_over_kaufen()&amp;#27;[0m
  &amp;#27;[36mThen &amp;#27;[0m&amp;#27;[36mI click bei &amp;#27;[0m&amp;#27;[36m&amp;#27;[1mAmazon&amp;#27;[0m&amp;#27;[36m kaufen&amp;#27;[0m                           &amp;#27;[90m# steps.BestsellerSteps.i_click_bei_vendor_kaufen(java.lang.String)&amp;#27;[0m
  &amp;#27;[36mThen &amp;#27;[0m&amp;#27;[36mI close the &amp;#27;[0m&amp;#27;[36m&amp;#27;[1mAmazon&amp;#27;[0m&amp;#27;[36m tab&amp;#27;[0m                              &amp;#27;[90m# steps.BestsellerSteps.i_close_vendor_tab(java.lang.String)&amp;#27;[0m
</system-out>
  </testcase>
  <testcase classname="Spiegel Kultur Bestseller" name="Bestseller KinderBuch #1" time="57.52">
    <error type="java.lang.NullPointerException">java.lang.NullPointerException
	at core.SeleniumDriverWrapper.clickElement(SeleniumDriverWrapper.java:157)
	at pages.BestSellerBasePage.clickElementElementExpandButton(BestSellerBasePage.java:91)
	at steps.BestsellerSteps.i_click_mehr_anzeigen(BestsellerSteps.java:60)
	at ✽.I click mehr anzeigen(file:///C:/MyWorkspace/guineenews/src/test/resources/features/bestseller.feature:73)
</error>
    <system-out>
@spiegelCultureBestseller @bestsellerKinderBuch
Scenario Outline: Bestseller KinderBuch           &amp;#27;[90m# src/test/resources/features/bestseller.feature:81&amp;#27;[0m
  &amp;#27;[32mGiven &amp;#27;[0m&amp;#27;[32mI start Spiegel&amp;#27;[0m                           &amp;#27;[90m# steps.MenuSteps.i_start_Spiegel()&amp;#27;[0m
  &amp;#27;[32mThen &amp;#27;[0m&amp;#27;[32mI click Akzeptieren und weiter&amp;#27;[0m             &amp;#27;[90m# steps.MenuSteps.i_click_Akzeptieren_und_weiter()&amp;#27;[0m
  &amp;#27;[32mThen &amp;#27;[0m&amp;#27;[32mI bring &amp;#27;[0m&amp;#27;[32m&amp;#27;[1m&quot;Kultur&quot;&amp;#27;[0m&amp;#27;[32m menu into view&amp;#27;[0m            &amp;#27;[90m# steps.MenuSteps.i_bring_top_menu_into_view(java.lang.String)&amp;#27;[0m
  &amp;#27;[32mAnd &amp;#27;[0m&amp;#27;[32mI click TopMenu &amp;#27;[0m&amp;#27;[32m&amp;#27;[1m&quot;Kultur&quot;&amp;#27;[0m                    &amp;#27;[90m# steps.MenuSteps.i_click_top_menu(java.lang.String)&amp;#27;[0m
  &amp;#27;[32mThen &amp;#27;[0m&amp;#27;[32mI click culture &amp;#27;[0m&amp;#27;[32m&amp;#27;[1mSPIEGEL-Bestseller&amp;#27;[0m         &amp;#27;[90m# steps.CultureSteps.i_click_menu(java.lang.String)&amp;#27;[0m
Kinder/ Jugend
  &amp;#27;[32mThen &amp;#27;[0m&amp;#27;[32mI click bestseller &amp;#27;[0m&amp;#27;[32m&amp;#27;[1mKinder/ Jugend&amp;#27;[0m          &amp;#27;[90m# steps.BestsellerSteps.i_click_bestseller_menu(java.lang.String)&amp;#27;[0m
  &amp;#27;[32mThen &amp;#27;[0m&amp;#27;[32mI click the bestseller sub_menu &amp;#27;[0m&amp;#27;[32m&amp;#27;[1mKinderbuch&amp;#27;[0m &amp;#27;[90m# steps.BestsellerSteps.i_click_bestseller_sub_menu(java.lang.String)&amp;#27;[0m
  &amp;#27;[32mThen &amp;#27;[0m&amp;#27;[32mI scroll to a random bestseller&amp;#27;[0m            &amp;#27;[90m# steps.BestsellerSteps.i_scroll_to_random_bestseller_element()&amp;#27;[0m
  &amp;#27;[31mThen &amp;#27;[0m&amp;#27;[31mI click mehr anzeigen&amp;#27;[0m                      &amp;#27;[90m# steps.BestsellerSteps.i_click_mehr_anzeigen()&amp;#27;[0m
      &amp;#27;[31mjava.lang.NullPointerException
	at core.SeleniumDriverWrapper.clickElement(SeleniumDriverWrapper.java:157)
	at pages.BestSellerBasePage.clickElementElementExpandButton(BestSellerBasePage.java:91)
	at steps.BestsellerSteps.i_click_mehr_anzeigen(BestsellerSteps.java:60)
	at âœ½.I click mehr anzeigen(file:///C:/MyWorkspace/guineenews/src/test/resources/features/bestseller.feature:73)
&amp;#27;[0m
  &amp;#27;[36mThen &amp;#27;[0m&amp;#27;[36mI move mouse over kaufen&amp;#27;[0m                   &amp;#27;[90m# steps.BestsellerSteps.i_move_mouse_over_kaufen()&amp;#27;[0m
  &amp;#27;[36mThen &amp;#27;[0m&amp;#27;[36mI click bei &amp;#27;[0m&amp;#27;[36m&amp;#27;[1mAmazon&amp;#27;[0m&amp;#27;[36m kaufen&amp;#27;[0m                  &amp;#27;[90m# steps.BestsellerSteps.i_click_bei_vendor_kaufen(java.lang.String)&amp;#27;[0m
  &amp;#27;[36mThen &amp;#27;[0m&amp;#27;[36mI close the &amp;#27;[0m&amp;#27;[36m&amp;#27;[1mAmazon&amp;#27;[0m&amp;#27;[36m tab&amp;#27;[0m                     &amp;#27;[90m# steps.BestsellerSteps.i_close_vendor_tab(java.lang.String)&amp;#27;[0m
</system-out>
  </testcase>
  <testcase classname="Spiegel Kultur Bestseller" name="Bestseller KinderBuch #2" time="58.552">
    <error type="java.lang.NullPointerException">java.lang.NullPointerException
	at core.SeleniumDriverWrapper.clickElement(SeleniumDriverWrapper.java:157)
	at pages.BestSellerBasePage.clickElementElementExpandButton(BestSellerBasePage.java:91)
	at steps.BestsellerSteps.i_click_mehr_anzeigen(BestsellerSteps.java:60)
	at ✽.I click mehr anzeigen(file:///C:/MyWorkspace/guineenews/src/test/resources/features/bestseller.feature:73)
</error>
    <system-out>
@spiegelCultureBestseller @bestsellerKinderBuch
Scenario Outline: Bestseller KinderBuch           &amp;#27;[90m# src/test/resources/features/bestseller.feature:82&amp;#27;[0m
  &amp;#27;[32mGiven &amp;#27;[0m&amp;#27;[32mI start Spiegel&amp;#27;[0m                           &amp;#27;[90m# steps.MenuSteps.i_start_Spiegel()&amp;#27;[0m
  &amp;#27;[32mThen &amp;#27;[0m&amp;#27;[32mI click Akzeptieren und weiter&amp;#27;[0m             &amp;#27;[90m# steps.MenuSteps.i_click_Akzeptieren_und_weiter()&amp;#27;[0m
  &amp;#27;[32mThen &amp;#27;[0m&amp;#27;[32mI bring &amp;#27;[0m&amp;#27;[32m&amp;#27;[1m&quot;Kultur&quot;&amp;#27;[0m&amp;#27;[32m menu into view&amp;#27;[0m            &amp;#27;[90m# steps.MenuSteps.i_bring_top_menu_into_view(java.lang.String)&amp;#27;[0m
  &amp;#27;[32mAnd &amp;#27;[0m&amp;#27;[32mI click TopMenu &amp;#27;[0m&amp;#27;[32m&amp;#27;[1m&quot;Kultur&quot;&amp;#27;[0m                    &amp;#27;[90m# steps.MenuSteps.i_click_top_menu(java.lang.String)&amp;#27;[0m
  &amp;#27;[32mThen &amp;#27;[0m&amp;#27;[32mI click culture &amp;#27;[0m&amp;#27;[32m&amp;#27;[1mSPIEGEL-Bestseller&amp;#27;[0m         &amp;#27;[90m# steps.CultureSteps.i_click_menu(java.lang.String)&amp;#27;[0m
Kinder/ Jugend
  &amp;#27;[32mThen &amp;#27;[0m&amp;#27;[32mI click bestseller &amp;#27;[0m&amp;#27;[32m&amp;#27;[1mKinder/ Jugend&amp;#27;[0m          &amp;#27;[90m# steps.BestsellerSteps.i_click_bestseller_menu(java.lang.String)&amp;#27;[0m
  &amp;#27;[32mThen &amp;#27;[0m&amp;#27;[32mI click the bestseller sub_menu &amp;#27;[0m&amp;#27;[32m&amp;#27;[1mJugendbuch&amp;#27;[0m &amp;#27;[90m# steps.BestsellerSteps.i_click_bestseller_sub_menu(java.lang.String)&amp;#27;[0m
  &amp;#27;[32mThen &amp;#27;[0m&amp;#27;[32mI scroll to a random bestseller&amp;#27;[0m            &amp;#27;[90m# steps.BestsellerSteps.i_scroll_to_random_bestseller_element()&amp;#27;[0m
  &amp;#27;[31mThen &amp;#27;[0m&amp;#27;[31mI click mehr anzeigen&amp;#27;[0m                      &amp;#27;[90m# steps.BestsellerSteps.i_click_mehr_anzeigen()&amp;#27;[0m
      &amp;#27;[31mjava.lang.NullPointerException
	at core.SeleniumDriverWrapper.clickElement(SeleniumDriverWrapper.java:157)
	at pages.BestSellerBasePage.clickElementElementExpandButton(BestSellerBasePage.java:91)
	at steps.BestsellerSteps.i_click_mehr_anzeigen(BestsellerSteps.java:60)
	at âœ½.I click mehr anzeigen(file:///C:/MyWorkspace/guineenews/src/test/resources/features/bestseller.feature:73)
&amp;#27;[0m
  &amp;#27;[36mThen &amp;#27;[0m&amp;#27;[36mI move mouse over kaufen&amp;#27;[0m                   &amp;#27;[90m# steps.BestsellerSteps.i_move_mouse_over_kaufen()&amp;#27;[0m
  &amp;#27;[36mThen &amp;#27;[0m&amp;#27;[36mI click bei &amp;#27;[0m&amp;#27;[36m&amp;#27;[1mThaila&amp;#27;[0m&amp;#27;[36m kaufen&amp;#27;[0m                  &amp;#27;[90m# steps.BestsellerSteps.i_click_bei_vendor_kaufen(java.lang.String)&amp;#27;[0m
  &amp;#27;[36mThen &amp;#27;[0m&amp;#27;[36mI close the &amp;#27;[0m&amp;#27;[36m&amp;#27;[1mThaila&amp;#27;[0m&amp;#27;[36m tab&amp;#27;[0m                     &amp;#27;[90m# steps.BestsellerSteps.i_close_vendor_tab(java.lang.String)&amp;#27;[0m
</system-out>
  </testcase>
  <testcase classname="Spiegel Kultur Bestseller" name="Bestseller KinderBuch #3" time="79.843">
    <error type="java.lang.NullPointerException">java.lang.NullPointerException
	at core.SeleniumDriverWrapper.clickElement(SeleniumDriverWrapper.java:157)
	at pages.BestSellerBasePage.clickElementElementExpandButton(BestSellerBasePage.java:91)
	at steps.BestsellerSteps.i_click_mehr_anzeigen(BestsellerSteps.java:60)
	at ✽.I click mehr anzeigen(file:///C:/MyWorkspace/guineenews/src/test/resources/features/bestseller.feature:73)
</error>
    <system-out>
@spiegelCultureBestseller @bestsellerKinderBuch
Scenario Outline: Bestseller KinderBuch           &amp;#27;[90m# src/test/resources/features/bestseller.feature:83&amp;#27;[0m
  &amp;#27;[32mGiven &amp;#27;[0m&amp;#27;[32mI start Spiegel&amp;#27;[0m                           &amp;#27;[90m# steps.MenuSteps.i_start_Spiegel()&amp;#27;[0m
  &amp;#27;[32mThen &amp;#27;[0m&amp;#27;[32mI click Akzeptieren und weiter&amp;#27;[0m             &amp;#27;[90m# steps.MenuSteps.i_click_Akzeptieren_und_weiter()&amp;#27;[0m
  &amp;#27;[32mThen &amp;#27;[0m&amp;#27;[32mI bring &amp;#27;[0m&amp;#27;[32m&amp;#27;[1m&quot;Kultur&quot;&amp;#27;[0m&amp;#27;[32m menu into view&amp;#27;[0m            &amp;#27;[90m# steps.MenuSteps.i_bring_top_menu_into_view(java.lang.String)&amp;#27;[0m
  &amp;#27;[32mAnd &amp;#27;[0m&amp;#27;[32mI click TopMenu &amp;#27;[0m&amp;#27;[32m&amp;#27;[1m&quot;Kultur&quot;&amp;#27;[0m                    &amp;#27;[90m# steps.MenuSteps.i_click_top_menu(java.lang.String)&amp;#27;[0m
  &amp;#27;[32mThen &amp;#27;[0m&amp;#27;[32mI click culture &amp;#27;[0m&amp;#27;[32m&amp;#27;[1mSPIEGEL-Bestseller&amp;#27;[0m         &amp;#27;[90m# steps.CultureSteps.i_click_menu(java.lang.String)&amp;#27;[0m
Kinder/ Jugend
  &amp;#27;[32mThen &amp;#27;[0m&amp;#27;[32mI click bestseller &amp;#27;[0m&amp;#27;[32m&amp;#27;[1mKinder/ Jugend&amp;#27;[0m          &amp;#27;[90m# steps.BestsellerSteps.i_click_bestseller_menu(java.lang.String)&amp;#27;[0m
  &amp;#27;[32mThen &amp;#27;[0m&amp;#27;[32mI click the bestseller sub_menu &amp;#27;[0m&amp;#27;[32m&amp;#27;[1mBilderbuch&amp;#27;[0m &amp;#27;[90m# steps.BestsellerSteps.i_click_bestseller_sub_menu(java.lang.String)&amp;#27;[0m
  &amp;#27;[32mThen &amp;#27;[0m&amp;#27;[32mI scroll to a random bestseller&amp;#27;[0m            &amp;#27;[90m# steps.BestsellerSteps.i_scroll_to_random_bestseller_element()&amp;#27;[0m
  &amp;#27;[31mThen &amp;#27;[0m&amp;#27;[31mI click mehr anzeigen&amp;#27;[0m                      &amp;#27;[90m# steps.BestsellerSteps.i_click_mehr_anzeigen()&amp;#27;[0m
      &amp;#27;[31mjava.lang.NullPointerException
	at core.SeleniumDriverWrapper.clickElement(SeleniumDriverWrapper.java:157)
	at pages.BestSellerBasePage.clickElementElementExpandButton(BestSellerBasePage.java:91)
	at steps.BestsellerSteps.i_click_mehr_anzeigen(BestsellerSteps.java:60)
	at âœ½.I click mehr anzeigen(file:///C:/MyWorkspace/guineenews/src/test/resources/features/bestseller.feature:73)
&amp;#27;[0m
  &amp;#27;[36mThen &amp;#27;[0m&amp;#27;[36mI move mouse over kaufen&amp;#27;[0m                   &amp;#27;[90m# steps.BestsellerSteps.i_move_mouse_over_kaufen()&amp;#27;[0m
  &amp;#27;[36mThen &amp;#27;[0m&amp;#27;[36mI click bei &amp;#27;[0m&amp;#27;[36m&amp;#27;[1mThaila&amp;#27;[0m&amp;#27;[36m kaufen&amp;#27;[0m                  &amp;#27;[90m# steps.BestsellerSteps.i_click_bei_vendor_kaufen(java.lang.String)&amp;#27;[0m
  &amp;#27;[36mThen &amp;#27;[0m&amp;#27;[36mI close the &amp;#27;[0m&amp;#27;[36m&amp;#27;[1mThaila&amp;#27;[0m&amp;#27;[36m tab&amp;#27;[0m                     &amp;#27;[90m# steps.BestsellerSteps.i_close_vendor_tab(java.lang.String)&amp;#27;[0m
</system-out>
  </testcase>
  <testcase classname="Spiegel Kultur Bestseller" name="Bestseller KinderBuch #4" time="60.392">
    <error type="java.lang.NullPointerException">java.lang.NullPointerException
	at core.SeleniumDriverWrapper.clickElement(SeleniumDriverWrapper.java:157)
	at pages.BestSellerBasePage.clickElementElementExpandButton(BestSellerBasePage.java:91)
	at steps.BestsellerSteps.i_click_mehr_anzeigen(BestsellerSteps.java:60)
	at ✽.I click mehr anzeigen(file:///C:/MyWorkspace/guineenews/src/test/resources/features/bestseller.feature:73)
</error>
    <system-out>
@spiegelCultureBestseller @bestsellerKinderBuch
Scenario Outline: Bestseller KinderBuch        &amp;#27;[90m# src/test/resources/features/bestseller.feature:84&amp;#27;[0m
  &amp;#27;[32mGiven &amp;#27;[0m&amp;#27;[32mI start Spiegel&amp;#27;[0m                        &amp;#27;[90m# steps.MenuSteps.i_start_Spiegel()&amp;#27;[0m
  &amp;#27;[32mThen &amp;#27;[0m&amp;#27;[32mI click Akzeptieren und weiter&amp;#27;[0m          &amp;#27;[90m# steps.MenuSteps.i_click_Akzeptieren_und_weiter()&amp;#27;[0m
  &amp;#27;[32mThen &amp;#27;[0m&amp;#27;[32mI bring &amp;#27;[0m&amp;#27;[32m&amp;#27;[1m&quot;Kultur&quot;&amp;#27;[0m&amp;#27;[32m menu into view&amp;#27;[0m         &amp;#27;[90m# steps.MenuSteps.i_bring_top_menu_into_view(java.lang.String)&amp;#27;[0m
  &amp;#27;[32mAnd &amp;#27;[0m&amp;#27;[32mI click TopMenu &amp;#27;[0m&amp;#27;[32m&amp;#27;[1m&quot;Kultur&quot;&amp;#27;[0m                 &amp;#27;[90m# steps.MenuSteps.i_click_top_menu(java.lang.String)&amp;#27;[0m
  &amp;#27;[32mThen &amp;#27;[0m&amp;#27;[32mI click culture &amp;#27;[0m&amp;#27;[32m&amp;#27;[1mSPIEGEL-Bestseller&amp;#27;[0m      &amp;#27;[90m# steps.CultureSteps.i_click_menu(java.lang.String)&amp;#27;[0m
Kinder/ Jugend
  &amp;#27;[32mThen &amp;#27;[0m&amp;#27;[32mI click bestseller &amp;#27;[0m&amp;#27;[32m&amp;#27;[1mKinder/ Jugend&amp;#27;[0m       &amp;#27;[90m# steps.BestsellerSteps.i_click_bestseller_menu(java.lang.String)&amp;#27;[0m
  &amp;#27;[32mThen &amp;#27;[0m&amp;#27;[32mI click the bestseller sub_menu &amp;#27;[0m&amp;#27;[32m&amp;#27;[1mHÃ¶rbuch&amp;#27;[0m &amp;#27;[90m# steps.BestsellerSteps.i_click_bestseller_sub_menu(java.lang.String)&amp;#27;[0m
  &amp;#27;[32mThen &amp;#27;[0m&amp;#27;[32mI scroll to a random bestseller&amp;#27;[0m         &amp;#27;[90m# steps.BestsellerSteps.i_scroll_to_random_bestseller_element()&amp;#27;[0m
  &amp;#27;[31mThen &amp;#27;[0m&amp;#27;[31mI click mehr anzeigen&amp;#27;[0m                   &amp;#27;[90m# steps.BestsellerSteps.i_click_mehr_anzeigen()&amp;#27;[0m
      &amp;#27;[31mjava.lang.NullPointerException
	at core.SeleniumDriverWrapper.clickElement(SeleniumDriverWrapper.java:157)
	at pages.BestSellerBasePage.clickElementElementExpandButton(BestSellerBasePage.java:91)
	at steps.BestsellerSteps.i_click_mehr_anzeigen(BestsellerSteps.java:60)
	at âœ½.I click mehr anzeigen(file:///C:/MyWorkspace/guineenews/src/test/resources/features/bestseller.feature:73)
&amp;#27;[0m
  &amp;#27;[36mThen &amp;#27;[0m&amp;#27;[36mI move mouse over kaufen&amp;#27;[0m                &amp;#27;[90m# steps.BestsellerSteps.i_move_mouse_over_kaufen()&amp;#27;[0m
  &amp;#27;[36mThen &amp;#27;[0m&amp;#27;[36mI click bei &amp;#27;[0m&amp;#27;[36m&amp;#27;[1mAmazon&amp;#27;[0m&amp;#27;[36m kaufen&amp;#27;[0m               &amp;#27;[90m# steps.BestsellerSteps.i_click_bei_vendor_kaufen(java.lang.String)&amp;#27;[0m
  &amp;#27;[36mThen &amp;#27;[0m&amp;#27;[36mI close the &amp;#27;[0m&amp;#27;[36m&amp;#27;[1mAmazon&amp;#27;[0m&amp;#27;[36m tab&amp;#27;[0m                  &amp;#27;[90m# steps.BestsellerSteps.i_close_vendor_tab(java.lang.String)&amp;#27;[0m
</system-out>
  </testcase>
  <testcase classname="Spiegel Kultur" name="navigate on culture sub-menu #1" time="40.654"/>
  <testcase classname="Spiegel Kultur" name="navigate on culture sub-menu #2" time="69.259">
    <failure type="java.lang.AssertionError">java.lang.AssertionError
	at org.junit.Assert.fail(Assert.java:86)
	at org.junit.Assert.assertTrue(Assert.java:41)
	at org.junit.Assert.assertTrue(Assert.java:52)
	at steps.CultureSteps.i_go_back_to_menu_kultur_der_spiegel(CultureSteps.java:31)
	at ✽.I navigate back to Musik - Kultur - DER SPIEGEL(file:///C:/MyWorkspace/guineenews/src/test/resources/features/culturePage.feature:15)
</failure>
    <system-out>
@spiegelCulture @culture
Scenario Outline: navigate on culture sub-menu              &amp;#27;[90m# src/test/resources/features/culturePage.feature:19&amp;#27;[0m
  &amp;#27;[32mGiven &amp;#27;[0m&amp;#27;[32mI start Spiegel&amp;#27;[0m                                     &amp;#27;[90m# steps.MenuSteps.i_start_Spiegel()&amp;#27;[0m
  &amp;#27;[32mThen &amp;#27;[0m&amp;#27;[32mI click Akzeptieren und weiter&amp;#27;[0m                       &amp;#27;[90m# steps.MenuSteps.i_click_Akzeptieren_und_weiter()&amp;#27;[0m
  &amp;#27;[32mThen &amp;#27;[0m&amp;#27;[32mI bring &amp;#27;[0m&amp;#27;[32m&amp;#27;[1m&quot;Kultur&quot;&amp;#27;[0m&amp;#27;[32m menu into view&amp;#27;[0m                      &amp;#27;[90m# steps.MenuSteps.i_bring_top_menu_into_view(java.lang.String)&amp;#27;[0m
  &amp;#27;[32mAnd &amp;#27;[0m&amp;#27;[32mI click TopMenu &amp;#27;[0m&amp;#27;[32m&amp;#27;[1m&quot;Kultur&quot;&amp;#27;[0m                              &amp;#27;[90m# steps.MenuSteps.i_click_top_menu(java.lang.String)&amp;#27;[0m
  &amp;#27;[32mThen &amp;#27;[0m&amp;#27;[32mI click culture &amp;#27;[0m&amp;#27;[32m&amp;#27;[1mMusik&amp;#27;[0m                                &amp;#27;[90m# steps.CultureSteps.i_click_menu(java.lang.String)&amp;#27;[0m
  &amp;#27;[32mThen &amp;#27;[0m&amp;#27;[32mI click a &amp;#27;[0m&amp;#27;[32m&amp;#27;[1m&quot;random&quot;&amp;#27;[0m&amp;#27;[32m article of alle Beitraege section&amp;#27;[0m &amp;#27;[90m# steps.HelperSteps.i_click_article_of_alle_Beitraege_section(java.lang.String)&amp;#27;[0m
  &amp;#27;[32mThen &amp;#27;[0m&amp;#27;[32mI click page down &amp;#27;[0m&amp;#27;[32m&amp;#27;[1m3&amp;#27;[0m                                  &amp;#27;[90m# steps.HelperSteps.i_click_page_down(int)&amp;#27;[0m
  &amp;#27;[31mThen &amp;#27;[0m&amp;#27;[31mI navigate back to &amp;#27;[0m&amp;#27;[31m&amp;#27;[1mMusik&amp;#27;[0m&amp;#27;[31m - Kultur - DER SPIEGEL&amp;#27;[0m      &amp;#27;[90m# steps.CultureSteps.i_go_back_to_menu_kultur_der_spiegel(java.lang.String)&amp;#27;[0m
      &amp;#27;[31mjava.lang.AssertionError
	at org.junit.Assert.fail(Assert.java:86)
	at org.junit.Assert.assertTrue(Assert.java:41)
	at org.junit.Assert.assertTrue(Assert.java:52)
	at steps.CultureSteps.i_go_back_to_menu_kultur_der_spiegel(CultureSteps.java:31)
	at âœ½.I navigate back to Musik - Kultur - DER SPIEGEL(file:///C:/MyWorkspace/guineenews/src/test/resources/features/culturePage.feature:15)
&amp;#27;[0m
</system-out>
  </testcase>
  <testcase classname="Spiegel Kultur" name="navigate on culture sub-menu #3" time="64.231">
    <failure type="java.lang.AssertionError">java.lang.AssertionError
	at org.junit.Assert.fail(Assert.java:86)
	at org.junit.Assert.assertTrue(Assert.java:41)
	at org.junit.Assert.assertTrue(Assert.java:52)
	at steps.CultureSteps.i_go_back_to_menu_kultur_der_spiegel(CultureSteps.java:31)
	at ✽.I navigate back to TV - Kultur - DER SPIEGEL(file:///C:/MyWorkspace/guineenews/src/test/resources/features/culturePage.feature:15)
</failure>
    <system-out>
@spiegelCulture @culture
Scenario Outline: navigate on culture sub-menu              &amp;#27;[90m# src/test/resources/features/culturePage.feature:20&amp;#27;[0m
  &amp;#27;[32mGiven &amp;#27;[0m&amp;#27;[32mI start Spiegel&amp;#27;[0m                                     &amp;#27;[90m# steps.MenuSteps.i_start_Spiegel()&amp;#27;[0m
  &amp;#27;[32mThen &amp;#27;[0m&amp;#27;[32mI click Akzeptieren und weiter&amp;#27;[0m                       &amp;#27;[90m# steps.MenuSteps.i_click_Akzeptieren_und_weiter()&amp;#27;[0m
  &amp;#27;[32mThen &amp;#27;[0m&amp;#27;[32mI bring &amp;#27;[0m&amp;#27;[32m&amp;#27;[1m&quot;Kultur&quot;&amp;#27;[0m&amp;#27;[32m menu into view&amp;#27;[0m                      &amp;#27;[90m# steps.MenuSteps.i_bring_top_menu_into_view(java.lang.String)&amp;#27;[0m
  &amp;#27;[32mAnd &amp;#27;[0m&amp;#27;[32mI click TopMenu &amp;#27;[0m&amp;#27;[32m&amp;#27;[1m&quot;Kultur&quot;&amp;#27;[0m                              &amp;#27;[90m# steps.MenuSteps.i_click_top_menu(java.lang.String)&amp;#27;[0m
  &amp;#27;[32mThen &amp;#27;[0m&amp;#27;[32mI click culture &amp;#27;[0m&amp;#27;[32m&amp;#27;[1mTV&amp;#27;[0m                                   &amp;#27;[90m# steps.CultureSteps.i_click_menu(java.lang.String)&amp;#27;[0m
  &amp;#27;[32mThen &amp;#27;[0m&amp;#27;[32mI click a &amp;#27;[0m&amp;#27;[32m&amp;#27;[1m&quot;random&quot;&amp;#27;[0m&amp;#27;[32m article of alle Beitraege section&amp;#27;[0m &amp;#27;[90m# steps.HelperSteps.i_click_article_of_alle_Beitraege_section(java.lang.String)&amp;#27;[0m
  &amp;#27;[32mThen &amp;#27;[0m&amp;#27;[32mI click page down &amp;#27;[0m&amp;#27;[32m&amp;#27;[1m3&amp;#27;[0m                                  &amp;#27;[90m# steps.HelperSteps.i_click_page_down(int)&amp;#27;[0m
  &amp;#27;[31mThen &amp;#27;[0m&amp;#27;[31mI navigate back to &amp;#27;[0m&amp;#27;[31m&amp;#27;[1mTV&amp;#27;[0m&amp;#27;[31m - Kultur - DER SPIEGEL&amp;#27;[0m         &amp;#27;[90m# steps.CultureSteps.i_go_back_to_menu_kultur_der_spiegel(java.lang.String)&amp;#27;[0m
      &amp;#27;[31mjava.lang.AssertionError
	at org.junit.Assert.fail(Assert.java:86)
	at org.junit.Assert.assertTrue(Assert.java:41)
	at org.junit.Assert.assertTrue(Assert.java:52)
	at steps.CultureSteps.i_go_back_to_menu_kultur_der_spiegel(CultureSteps.java:31)
	at âœ½.I navigate back to TV - Kultur - DER SPIEGEL(file:///C:/MyWorkspace/guineenews/src/test/resources/features/culturePage.feature:15)
&amp;#27;[0m
</system-out>
  </testcase>
  <testcase classname="Spiegel Kultur" name="navigate on culture sub-menu #4" time="60.654"/>
  <testcase classname="Spiegel Kultur" name="navigate on culture sub-menu #5" time="35.897"/>
  <testcase classname="Spiegel Kultur" name="navigate on culture sub-menu #6" time="43.758"/>
  <testcase classname="Spiegel StartPage" name="reading main article #1" time="28.333"/>
  <testcase classname="Spiegel StartPage" name="reading main article #2" time="22.684"/>
  <testcase classname="Spiegel StartPage" name="read news section articles" time="31.533"/>
  <testcase classname="Spiegel StartPage" name="alle Rubriken #1" time="30.534"/>
  <testcase classname="Spiegel StartPage" name="alle Rubriken #2" time="23.178"/>
  <testcase classname="Spiegel StartPage" name="alle Rubriken #3" time="27.569"/>
  <testcase classname="Spiegel StartPage" name="alle Rubriken #4" time="61.207"/>
  <testcase classname="Spiegel StartPage" name="stock section" time="17.178"/>
  <testcase classname="Spiegel StartPage" name="block channel section #1" time="21.778"/>
  <testcase classname="Spiegel StartPage" name="block channel section #2" time="133.669">
    <error message="Error communicating with the remote browser. It may have died.
Build info: version: &apos;4.0.0-alpha-7&apos;, revision: &apos;de8579b6d5&apos;
System info: host: &apos;LAPTOP-RN5VIIS5&apos;, ip: &apos;192.168.142.1&apos;, os.name: &apos;Windows 10&apos;, os.arch: &apos;amd64&apos;, os.version: &apos;10.0&apos;, java.version: &apos;1.8.0_172&apos;
Driver info: driver.version: RemoteWebDriver
Capabilities {acceptInsecureCerts: false, browserName: chrome, browserVersion: 87.0.4280.66, chrome: {chromedriverVersion: 87.0.4280.20 (c99e81631faa0..., userDataDir: C:\Users\Lenovo\AppData\Loc...}, goog:chromeOptions: {debuggerAddress: localhost:62431}, javascriptEnabled: true, networkConnectionEnabled: false, pageLoadStrategy: normal, platform: WINDOWS, platformName: WINDOWS, proxy: Proxy(), setWindowRect: true, strictFileInteractability: false, timeouts: {implicit: 0, pageLoad: 300000, script: 30000}, unhandledPromptBehavior: dismiss and notify, webauthn:virtualAuthenticators: true}
Session ID: 4d54bc29c73f191ef48b2d193614959a" type="java.lang.Exception">java.lang.Exception: Error communicating with the remote browser. It may have died.
Build info: version: &apos;4.0.0-alpha-7&apos;, revision: &apos;de8579b6d5&apos;
System info: host: &apos;LAPTOP-RN5VIIS5&apos;, ip: &apos;192.168.142.1&apos;, os.name: &apos;Windows 10&apos;, os.arch: &apos;amd64&apos;, os.version: &apos;10.0&apos;, java.version: &apos;1.8.0_172&apos;
Driver info: driver.version: RemoteWebDriver
Capabilities {acceptInsecureCerts: false, browserName: chrome, browserVersion: 87.0.4280.66, chrome: {chromedriverVersion: 87.0.4280.20 (c99e81631faa0..., userDataDir: C:\Users\Lenovo\AppData\Loc...}, goog:chromeOptions: {debuggerAddress: localhost:62431}, javascriptEnabled: true, networkConnectionEnabled: false, pageLoadStrategy: normal, platform: WINDOWS, platformName: WINDOWS, proxy: Proxy(), setWindowRect: true, strictFileInteractability: false, timeouts: {implicit: 0, pageLoad: 300000, script: 30000}, unhandledPromptBehavior: dismiss and notify, webauthn:virtualAuthenticators: true}
Session ID: 4d54bc29c73f191ef48b2d193614959a
	at steps.StartpageSteps.i_click_article_of(StartpageSteps.java:55)
	at ✽.On start page I click random article of netzwelt_channel(file:///C:/MyWorkspace/guineenews/src/test/resources/features/startPage.feature:66)
</error>
    <system-out>
@spiegelStartPage @blockchannel
Scenario Outline: block channel section                         &amp;#27;[90m# src/test/resources/features/startPage.feature:74&amp;#27;[0m
  &amp;#27;[32mGiven &amp;#27;[0m&amp;#27;[32mI start Spiegel&amp;#27;[0m                                         &amp;#27;[90m# steps.MenuSteps.i_start_Spiegel()&amp;#27;[0m
  &amp;#27;[32mThen &amp;#27;[0m&amp;#27;[32mI click Akzeptieren und weiter&amp;#27;[0m                           &amp;#27;[90m# steps.MenuSteps.i_click_Akzeptieren_und_weiter()&amp;#27;[0m
  &amp;#27;[32mAnd &amp;#27;[0m&amp;#27;[32mI scroll to &amp;#27;[0m&amp;#27;[32m&amp;#27;[1m&quot;block_channel_section&quot;&amp;#27;[0m&amp;#27;[32m on start page&amp;#27;[0m         &amp;#27;[90m# steps.StartpageSteps.i_scroll_to_section_on_start_page(java.lang.String)&amp;#27;[0m
..taking screenshot..
error taking screenshot
  &amp;#27;[31mThen &amp;#27;[0m&amp;#27;[31mOn start page I click &amp;#27;[0m&amp;#27;[31m&amp;#27;[1mrandom&amp;#27;[0m&amp;#27;[31m article of &amp;#27;[0m&amp;#27;[31m&amp;#27;[1mnetzwelt_channel&amp;#27;[0m &amp;#27;[90m# steps.StartpageSteps.i_click_article_of(java.lang.String,java.lang.String)&amp;#27;[0m
      &amp;#27;[31mjava.lang.Exception: Error communicating with the remote browser. It may have died.
Build info: version: &apos;4.0.0-alpha-7&apos;, revision: &apos;de8579b6d5&apos;
System info: host: &apos;LAPTOP-RN5VIIS5&apos;, ip: &apos;192.168.142.1&apos;, os.name: &apos;Windows 10&apos;, os.arch: &apos;amd64&apos;, os.version: &apos;10.0&apos;, java.version: &apos;1.8.0_172&apos;
Driver info: driver.version: RemoteWebDriver
Capabilities {acceptInsecureCerts: false, browserName: chrome, browserVersion: 87.0.4280.66, chrome: {chromedriverVersion: 87.0.4280.20 (c99e81631faa0..., userDataDir: C:\Users\Lenovo\AppData\Loc...}, goog:chromeOptions: {debuggerAddress: localhost:62431}, javascriptEnabled: true, networkConnectionEnabled: false, pageLoadStrategy: normal, platform: WINDOWS, platformName: WINDOWS, proxy: Proxy(), setWindowRect: true, strictFileInteractability: false, timeouts: {implicit: 0, pageLoad: 300000, script: 30000}, unhandledPromptBehavior: dismiss and notify, webauthn:virtualAuthenticators: true}
Session ID: 4d54bc29c73f191ef48b2d193614959a
	at steps.StartpageSteps.i_click_article_of(StartpageSteps.java:55)
	at âœ½.On start page I click random article of netzwelt_channel(file:///C:/MyWorkspace/guineenews/src/test/resources/features/startPage.feature:66)
&amp;#27;[0m
  &amp;#27;[36mThen &amp;#27;[0m&amp;#27;[36mI click page down &amp;#27;[0m&amp;#27;[36m&amp;#27;[1m6&amp;#27;[0m                                      &amp;#27;[90m# steps.HelperSteps.i_click_page_down(int)&amp;#27;[0m
  &amp;#27;[36mThen &amp;#27;[0m&amp;#27;[36mI click page up &amp;#27;[0m&amp;#27;[36m&amp;#27;[1m3&amp;#27;[0m                                        &amp;#27;[90m# steps.HelperSteps.i_click_page_up(int)&amp;#27;[0m
  &amp;#27;[36mThen &amp;#27;[0m&amp;#27;[36mI go back to &amp;#27;[0m&amp;#27;[36m&amp;#27;[1m&quot;DER SPIEGEL | Online-Nachrichten&quot;&amp;#27;[0m          &amp;#27;[90m# steps.HelperSteps.i_go_back_to(java.lang.String)&amp;#27;[0m
</system-out>
    <system-err>org.openqa.selenium.remote.UnreachableBrowserException: Error communicating with the remote browser. It may have died.
Build info: version: &apos;4.0.0-alpha-7&apos;, revision: &apos;de8579b6d5&apos;
System info: host: &apos;LAPTOP-RN5VIIS5&apos;, ip: &apos;192.168.142.1&apos;, os.name: &apos;Windows 10&apos;, os.arch: &apos;amd64&apos;, os.version: &apos;10.0&apos;, java.version: &apos;1.8.0_172&apos;
Driver info: driver.version: RemoteWebDriver
Capabilities {acceptInsecureCerts: false, browserName: chrome, browserVersion: 87.0.4280.66, chrome: {chromedriverVersion: 87.0.4280.20 (c99e81631faa0..., userDataDir: C:\Users\Lenovo\AppData\Loc...}, goog:chromeOptions: {debuggerAddress: localhost:62431}, javascriptEnabled: true, networkConnectionEnabled: false, pageLoadStrategy: normal, platform: WINDOWS, platformName: WINDOWS, proxy: Proxy(), setWindowRect: true, strictFileInteractability: false, timeouts: {implicit: 0, pageLoad: 300000, script: 30000}, unhandledPromptBehavior: dismiss and notify, webauthn:virtualAuthenticators: true}
Session ID: 4d54bc29c73f191ef48b2d193614959a
	at org.openqa.selenium.remote.RemoteWebDriver.execute(RemoteWebDriver.java:522)
	at org.openqa.selenium.remote.RemoteWebDriver.execute(RemoteWebDriver.java:558)
	at org.openqa.selenium.remote.RemoteWebDriver.execute(RemoteWebDriver.java:562)
	at org.openqa.selenium.remote.RemoteWebDriver.getScreenshotAs(RemoteWebDriver.java:294)
	at core.SeleniumDriverWrapper.takeScreenhot(SeleniumDriverWrapper.java:657)
	at steps.StartpageSteps.i_click_article_of(StartpageSteps.java:54)
	at sun.reflect.NativeMethodAccessorImpl.invoke0(Native Method)
	at sun.reflect.NativeMethodAccessorImpl.invoke(NativeMethodAccessorImpl.java:62)
	at sun.reflect.DelegatingMethodAccessorImpl.invoke(DelegatingMethodAccessorImpl.java:43)
	at java.lang.reflect.Method.invoke(Method.java:498)
	at io.cucumber.java.Invoker.doInvoke(Invoker.java:66)
	at io.cucumber.java.Invoker.invoke(Invoker.java:24)
	at io.cucumber.java.AbstractGlueDefinition.invokeMethod(AbstractGlueDefinition.java:47)
	at io.cucumber.java.JavaStepDefinition.execute(JavaStepDefinition.java:29)
	at io.cucumber.core.runner.CoreStepDefinition.execute(CoreStepDefinition.java:66)
	at io.cucumber.core.runner.PickleStepDefinitionMatch.runStep(PickleStepDefinitionMatch.java:63)
	at io.cucumber.core.runner.TestStep.executeStep(TestStep.java:92)
	at io.cucumber.core.runner.TestStep.run(TestStep.java:63)
	at io.cucumber.core.runner.PickleStepTestStep.run(PickleStepTestStep.java:49)
	at io.cucumber.core.runner.TestCase.run(TestCase.java:99)
	at io.cucumber.core.runner.Runner.runPickle(Runner.java:71)
	at io.cucumber.junit.PickleRunners$NoStepDescriptions.run(PickleRunners.java:151)
	at io.cucumber.junit.FeatureRunner.runChild(FeatureRunner.java:135)
	at io.cucumber.junit.FeatureRunner.runChild(FeatureRunner.java:27)
	at org.junit.runners.ParentRunner$3.run(ParentRunner.java:290)
	at org.junit.runners.ParentRunner$1.schedule(ParentRunner.java:71)
	at org.junit.runners.ParentRunner.runChildren(ParentRunner.java:288)
	at org.junit.runners.ParentRunner.access$000(ParentRunner.java:58)
	at org.junit.runners.ParentRunner$2.evaluate(ParentRunner.java:268)
	at org.junit.runners.ParentRunner.run(ParentRunner.java:363)
	at io.cucumber.junit.Cucumber.runChild(Cucumber.java:199)
	at io.cucumber.junit.Cucumber.runChild(Cucumber.java:90)
	at org.junit.runners.ParentRunner$3.run(ParentRunner.java:290)
	at org.junit.runners.ParentRunner$1.schedule(ParentRunner.java:71)
	at org.junit.runners.ParentRunner.runChildren(ParentRunner.java:288)
	at org.junit.runners.ParentRunner.access$000(ParentRunner.java:58)
	at org.junit.runners.ParentRunner$2.evaluate(ParentRunner.java:268)
	at io.cucumber.junit.Cucumber$RunCucumber.evaluate(Cucumber.java:234)
	at org.junit.runners.ParentRunner.run(ParentRunner.java:363)
	at org.apache.maven.surefire.junit4.JUnit4Provider.execute(JUnit4Provider.java:252)
	at org.apache.maven.surefire.junit4.JUnit4Provider.executeTestSet(JUnit4Provider.java:141)
	at org.apache.maven.surefire.junit4.JUnit4Provider.invoke(JUnit4Provider.java:112)
	at sun.reflect.NativeMethodAccessorImpl.invoke0(Native Method)
	at sun.reflect.NativeMethodAccessorImpl.invoke(NativeMethodAccessorImpl.java:62)
	at sun.reflect.DelegatingMethodAccessorImpl.invoke(DelegatingMethodAccessorImpl.java:43)
	at java.lang.reflect.Method.invoke(Method.java:498)
	at org.apache.maven.surefire.util.ReflectionUtils.invokeMethodWithArray(ReflectionUtils.java:189)
	at org.apache.maven.surefire.booter.ProviderFactory$ProviderProxy.invoke(ProviderFactory.java:165)
	at org.apache.maven.surefire.booter.ProviderFactory.invokeProvider(ProviderFactory.java:85)
	at org.apache.maven.surefire.booter.ForkedBooter.runSuitesInProcess(ForkedBooter.java:115)
	at org.apache.maven.surefire.booter.ForkedBooter.main(ForkedBooter.java:75)
Caused by: java.lang.RuntimeException: NettyHttpHandler request execution error
	at org.openqa.selenium.remote.http.netty.NettyHttpHandler.makeCall(NettyHttpHandler.java:72)
	at org.openqa.selenium.remote.http.AddSeleniumUserAgent.lambda$apply$0(AddSeleniumUserAgent.java:42)
	at org.openqa.selenium.remote.http.Filter.lambda$andFinally$1(Filter.java:56)
	at org.openqa.selenium.remote.http.netty.NettyHttpHandler.execute(NettyHttpHandler.java:47)
	at org.openqa.selenium.remote.http.AddSeleniumUserAgent.lambda$apply$0(AddSeleniumUserAgent.java:42)
	at org.openqa.selenium.remote.http.Filter.lambda$andFinally$1(Filter.java:56)
	at org.openqa.selenium.remote.http.netty.NettyClient.execute(NettyClient.java:60)
	at org.openqa.selenium.remote.HttpCommandExecutor.execute(HttpCommandExecutor.java:164)
	at org.openqa.selenium.remote.service.DriverCommandExecutor.execute(DriverCommandExecutor.java:123)
	at org.openqa.selenium.remote.RemoteWebDriver.execute(RemoteWebDriver.java:501)
	... 50 more
Caused by: java.util.concurrent.ExecutionException: java.util.concurrent.TimeoutException: Request timeout to localhost/127.0.0.1:26745 after 60000 ms
	at java.util.concurrent.CompletableFuture.reportGet(CompletableFuture.java:357)
	at java.util.concurrent.CompletableFuture.get(CompletableFuture.java:1895)
	at org.asynchttpclient.netty.NettyResponseFuture.get(NettyResponseFuture.java:201)
	at org.openqa.selenium.remote.http.netty.NettyHttpHandler.makeCall(NettyHttpHandler.java:57)
	... 59 more
Caused by: java.util.concurrent.TimeoutException: Request timeout to localhost/127.0.0.1:26745 after 60000 ms
	at org.asynchttpclient.netty.timeout.TimeoutTimerTask.expire(TimeoutTimerTask.java:43)
	at org.asynchttpclient.netty.timeout.RequestTimeoutTimerTask.run(RequestTimeoutTimerTask.java:50)
	at io.netty.util.HashedWheelTimer$HashedWheelTimeout.expire(HashedWheelTimer.java:672)
	at io.netty.util.HashedWheelTimer$HashedWheelBucket.expireTimeouts(HashedWheelTimer.java:747)
	at io.netty.util.HashedWheelTimer$Worker.run(HashedWheelTimer.java:472)
	at io.netty.util.concurrent.FastThreadLocalRunnable.run(FastThreadLocalRunnable.java:30)
	at java.lang.Thread.run(Thread.java:748)
</system-err>
  </testcase>
  <testcase classname="Spiegel StartPage" name="block channel section #3" time="50.683"/>
  <testcase classname="Spiegel StartPage" name="block channel section #4" time="23.351"/>
  <testcase classname="Spiegel StartPage" name="block channel section #5" time="29.897"/>
  <testcase classname="Spiegel StartPage" name="block channel section #6" time="22.621"/>
  <testcase classname="Spiegel StartPage" name="leben section articles" time="30.538"/>
  <testcase classname="Spiegel StartPage" name="highligh section" time="22.44"/>
  <testcase classname="Spiegel StartPage" name="top bei spiegel spiegel" time="35.957"/>
  <testcase classname="Spiegel StartPage" name="meist gelesene section" time="134.21">
    <error message="Error communicating with the remote browser. It may have died.
Build info: version: &apos;4.0.0-alpha-7&apos;, revision: &apos;de8579b6d5&apos;
System info: host: &apos;LAPTOP-RN5VIIS5&apos;, ip: &apos;192.168.142.1&apos;, os.name: &apos;Windows 10&apos;, os.arch: &apos;amd64&apos;, os.version: &apos;10.0&apos;, java.version: &apos;1.8.0_172&apos;
Driver info: driver.version: RemoteWebDriver
Capabilities {acceptInsecureCerts: false, browserName: chrome, browserVersion: 87.0.4280.66, chrome: {chromedriverVersion: 87.0.4280.20 (c99e81631faa0..., userDataDir: C:\Users\Lenovo\AppData\Loc...}, goog:chromeOptions: {debuggerAddress: localhost:62431}, javascriptEnabled: true, networkConnectionEnabled: false, pageLoadStrategy: normal, platform: WINDOWS, platformName: WINDOWS, proxy: Proxy(), setWindowRect: true, strictFileInteractability: false, timeouts: {implicit: 0, pageLoad: 300000, script: 30000}, unhandledPromptBehavior: dismiss and notify, webauthn:virtualAuthenticators: true}
Session ID: 4d54bc29c73f191ef48b2d193614959a" type="java.lang.Exception">java.lang.Exception: Error communicating with the remote browser. It may have died.
Build info: version: &apos;4.0.0-alpha-7&apos;, revision: &apos;de8579b6d5&apos;
System info: host: &apos;LAPTOP-RN5VIIS5&apos;, ip: &apos;192.168.142.1&apos;, os.name: &apos;Windows 10&apos;, os.arch: &apos;amd64&apos;, os.version: &apos;10.0&apos;, java.version: &apos;1.8.0_172&apos;
Driver info: driver.version: RemoteWebDriver
Capabilities {acceptInsecureCerts: false, browserName: chrome, browserVersion: 87.0.4280.66, chrome: {chromedriverVersion: 87.0.4280.20 (c99e81631faa0..., userDataDir: C:\Users\Lenovo\AppData\Loc...}, goog:chromeOptions: {debuggerAddress: localhost:62431}, javascriptEnabled: true, networkConnectionEnabled: false, pageLoadStrategy: normal, platform: WINDOWS, platformName: WINDOWS, proxy: Proxy(), setWindowRect: true, strictFileInteractability: false, timeouts: {implicit: 0, pageLoad: 300000, script: 30000}, unhandledPromptBehavior: dismiss and notify, webauthn:virtualAuthenticators: true}
Session ID: 4d54bc29c73f191ef48b2d193614959a
	at steps.StartpageSteps.i_click_article_of(StartpageSteps.java:55)
	at ✽.On start page I click first article of meist_gelesene_section(file:///C:/MyWorkspace/guineenews/src/test/resources/features/startPage.feature:117)
</error>
    <system-out>
@spiegelStartPage @meistgelesene
Scenario: meist gelesene section                                      &amp;#27;[90m# src/test/resources/features/startPage.feature:115&amp;#27;[0m
  &amp;#27;[32mGiven &amp;#27;[0m&amp;#27;[32mI start Spiegel&amp;#27;[0m                                               &amp;#27;[90m# steps.MenuSteps.i_start_Spiegel()&amp;#27;[0m
  &amp;#27;[32mThen &amp;#27;[0m&amp;#27;[32mI click Akzeptieren und weiter&amp;#27;[0m                                 &amp;#27;[90m# steps.MenuSteps.i_click_Akzeptieren_und_weiter()&amp;#27;[0m
  &amp;#27;[32mAnd &amp;#27;[0m&amp;#27;[32mI scroll to &amp;#27;[0m&amp;#27;[32m&amp;#27;[1m&quot;meist_gelesene_section&quot;&amp;#27;[0m&amp;#27;[32m on start page&amp;#27;[0m              &amp;#27;[90m# steps.StartpageSteps.i_scroll_to_section_on_start_page(java.lang.String)&amp;#27;[0m
..taking screenshot..
error taking screenshot
  &amp;#27;[31mThen &amp;#27;[0m&amp;#27;[31mOn start page I click &amp;#27;[0m&amp;#27;[31m&amp;#27;[1mfirst&amp;#27;[0m&amp;#27;[31m article of &amp;#27;[0m&amp;#27;[31m&amp;#27;[1mmeist_gelesene_section&amp;#27;[0m  &amp;#27;[90m# steps.StartpageSteps.i_click_article_of(java.lang.String,java.lang.String)&amp;#27;[0m
      &amp;#27;[31mjava.lang.Exception: Error communicating with the remote browser. It may have died.
Build info: version: &apos;4.0.0-alpha-7&apos;, revision: &apos;de8579b6d5&apos;
System info: host: &apos;LAPTOP-RN5VIIS5&apos;, ip: &apos;192.168.142.1&apos;, os.name: &apos;Windows 10&apos;, os.arch: &apos;amd64&apos;, os.version: &apos;10.0&apos;, java.version: &apos;1.8.0_172&apos;
Driver info: driver.version: RemoteWebDriver
Capabilities {acceptInsecureCerts: false, browserName: chrome, browserVersion: 87.0.4280.66, chrome: {chromedriverVersion: 87.0.4280.20 (c99e81631faa0..., userDataDir: C:\Users\Lenovo\AppData\Loc...}, goog:chromeOptions: {debuggerAddress: localhost:62431}, javascriptEnabled: true, networkConnectionEnabled: false, pageLoadStrategy: normal, platform: WINDOWS, platformName: WINDOWS, proxy: Proxy(), setWindowRect: true, strictFileInteractability: false, timeouts: {implicit: 0, pageLoad: 300000, script: 30000}, unhandledPromptBehavior: dismiss and notify, webauthn:virtualAuthenticators: true}
Session ID: 4d54bc29c73f191ef48b2d193614959a
	at steps.StartpageSteps.i_click_article_of(StartpageSteps.java:55)
	at âœ½.On start page I click first article of meist_gelesene_section(file:///C:/MyWorkspace/guineenews/src/test/resources/features/startPage.feature:117)
&amp;#27;[0m
  &amp;#27;[36mThen &amp;#27;[0m&amp;#27;[36mI click page down &amp;#27;[0m&amp;#27;[36m&amp;#27;[1m4&amp;#27;[0m                                            &amp;#27;[90m# steps.HelperSteps.i_click_page_down(int)&amp;#27;[0m
  &amp;#27;[36mThen &amp;#27;[0m&amp;#27;[36mI click page up &amp;#27;[0m&amp;#27;[36m&amp;#27;[1m3&amp;#27;[0m                                              &amp;#27;[90m# steps.HelperSteps.i_click_page_up(int)&amp;#27;[0m
  &amp;#27;[36mThen &amp;#27;[0m&amp;#27;[36mI go back to &amp;#27;[0m&amp;#27;[36m&amp;#27;[1m&quot;DER SPIEGEL | Online-Nachrichten&quot;&amp;#27;[0m                &amp;#27;[90m# steps.HelperSteps.i_go_back_to(java.lang.String)&amp;#27;[0m
  &amp;#27;[36mAnd &amp;#27;[0m&amp;#27;[36mI scroll to &amp;#27;[0m&amp;#27;[36m&amp;#27;[1m&quot;meist_gelesene_section&quot;&amp;#27;[0m&amp;#27;[36m on start page&amp;#27;[0m              &amp;#27;[90m# steps.StartpageSteps.i_scroll_to_section_on_start_page(java.lang.String)&amp;#27;[0m
  &amp;#27;[36mThen &amp;#27;[0m&amp;#27;[36mOn start page I click &amp;#27;[0m&amp;#27;[36m&amp;#27;[1mrandom&amp;#27;[0m&amp;#27;[36m article of &amp;#27;[0m&amp;#27;[36m&amp;#27;[1mmeist_gelesene_section&amp;#27;[0m &amp;#27;[90m# steps.StartpageSteps.i_click_article_of(java.lang.String,java.lang.String)&amp;#27;[0m
  &amp;#27;[36mThen &amp;#27;[0m&amp;#27;[36mI click page down &amp;#27;[0m&amp;#27;[36m&amp;#27;[1m4&amp;#27;[0m                                            &amp;#27;[90m# steps.HelperSteps.i_click_page_down(int)&amp;#27;[0m
  &amp;#27;[36mThen &amp;#27;[0m&amp;#27;[36mI click page up &amp;#27;[0m&amp;#27;[36m&amp;#27;[1m3&amp;#27;[0m                                              &amp;#27;[90m# steps.HelperSteps.i_click_page_up(int)&amp;#27;[0m
  &amp;#27;[36mThen &amp;#27;[0m&amp;#27;[36mI go back to &amp;#27;[0m&amp;#27;[36m&amp;#27;[1m&quot;DER SPIEGEL | Online-Nachrichten&quot;&amp;#27;[0m                &amp;#27;[90m# steps.HelperSteps.i_go_back_to(java.lang.String)&amp;#27;[0m
</system-out>
    <system-err>org.openqa.selenium.remote.UnreachableBrowserException: Error communicating with the remote browser. It may have died.
Build info: version: &apos;4.0.0-alpha-7&apos;, revision: &apos;de8579b6d5&apos;
System info: host: &apos;LAPTOP-RN5VIIS5&apos;, ip: &apos;192.168.142.1&apos;, os.name: &apos;Windows 10&apos;, os.arch: &apos;amd64&apos;, os.version: &apos;10.0&apos;, java.version: &apos;1.8.0_172&apos;
Driver info: driver.version: RemoteWebDriver
Capabilities {acceptInsecureCerts: false, browserName: chrome, browserVersion: 87.0.4280.66, chrome: {chromedriverVersion: 87.0.4280.20 (c99e81631faa0..., userDataDir: C:\Users\Lenovo\AppData\Loc...}, goog:chromeOptions: {debuggerAddress: localhost:62431}, javascriptEnabled: true, networkConnectionEnabled: false, pageLoadStrategy: normal, platform: WINDOWS, platformName: WINDOWS, proxy: Proxy(), setWindowRect: true, strictFileInteractability: false, timeouts: {implicit: 0, pageLoad: 300000, script: 30000}, unhandledPromptBehavior: dismiss and notify, webauthn:virtualAuthenticators: true}
Session ID: 4d54bc29c73f191ef48b2d193614959a
	at org.openqa.selenium.remote.RemoteWebDriver.execute(RemoteWebDriver.java:522)
	at org.openqa.selenium.remote.RemoteWebDriver.execute(RemoteWebDriver.java:558)
	at org.openqa.selenium.remote.RemoteWebDriver.execute(RemoteWebDriver.java:562)
	at org.openqa.selenium.remote.RemoteWebDriver.getScreenshotAs(RemoteWebDriver.java:294)
	at core.SeleniumDriverWrapper.takeScreenhot(SeleniumDriverWrapper.java:657)
	at steps.StartpageSteps.i_click_article_of(StartpageSteps.java:54)
	at sun.reflect.GeneratedMethodAccessor136.invoke(Unknown Source)
	at sun.reflect.DelegatingMethodAccessorImpl.invoke(DelegatingMethodAccessorImpl.java:43)
	at java.lang.reflect.Method.invoke(Method.java:498)
	at io.cucumber.java.Invoker.doInvoke(Invoker.java:66)
	at io.cucumber.java.Invoker.invoke(Invoker.java:24)
	at io.cucumber.java.AbstractGlueDefinition.invokeMethod(AbstractGlueDefinition.java:47)
	at io.cucumber.java.JavaStepDefinition.execute(JavaStepDefinition.java:29)
	at io.cucumber.core.runner.CoreStepDefinition.execute(CoreStepDefinition.java:66)
	at io.cucumber.core.runner.PickleStepDefinitionMatch.runStep(PickleStepDefinitionMatch.java:63)
	at io.cucumber.core.runner.TestStep.executeStep(TestStep.java:92)
	at io.cucumber.core.runner.TestStep.run(TestStep.java:63)
	at io.cucumber.core.runner.PickleStepTestStep.run(PickleStepTestStep.java:49)
	at io.cucumber.core.runner.TestCase.run(TestCase.java:99)
	at io.cucumber.core.runner.Runner.runPickle(Runner.java:71)
	at io.cucumber.junit.PickleRunners$NoStepDescriptions.run(PickleRunners.java:151)
	at io.cucumber.junit.FeatureRunner.runChild(FeatureRunner.java:135)
	at io.cucumber.junit.FeatureRunner.runChild(FeatureRunner.java:27)
	at org.junit.runners.ParentRunner$3.run(ParentRunner.java:290)
	at org.junit.runners.ParentRunner$1.schedule(ParentRunner.java:71)
	at org.junit.runners.ParentRunner.runChildren(ParentRunner.java:288)
	at org.junit.runners.ParentRunner.access$000(ParentRunner.java:58)
	at org.junit.runners.ParentRunner$2.evaluate(ParentRunner.java:268)
	at org.junit.runners.ParentRunner.run(ParentRunner.java:363)
	at io.cucumber.junit.Cucumber.runChild(Cucumber.java:199)
	at io.cucumber.junit.Cucumber.runChild(Cucumber.java:90)
	at org.junit.runners.ParentRunner$3.run(ParentRunner.java:290)
	at org.junit.runners.ParentRunner$1.schedule(ParentRunner.java:71)
	at org.junit.runners.ParentRunner.runChildren(ParentRunner.java:288)
	at org.junit.runners.ParentRunner.access$000(ParentRunner.java:58)
	at org.junit.runners.ParentRunner$2.evaluate(ParentRunner.java:268)
	at io.cucumber.junit.Cucumber$RunCucumber.evaluate(Cucumber.java:234)
	at org.junit.runners.ParentRunner.run(ParentRunner.java:363)
	at org.apache.maven.surefire.junit4.JUnit4Provider.execute(JUnit4Provider.java:252)
	at org.apache.maven.surefire.junit4.JUnit4Provider.executeTestSet(JUnit4Provider.java:141)
	at org.apache.maven.surefire.junit4.JUnit4Provider.invoke(JUnit4Provider.java:112)
	at sun.reflect.NativeMethodAccessorImpl.invoke0(Native Method)
	at sun.reflect.NativeMethodAccessorImpl.invoke(NativeMethodAccessorImpl.java:62)
	at sun.reflect.DelegatingMethodAccessorImpl.invoke(DelegatingMethodAccessorImpl.java:43)
	at java.lang.reflect.Method.invoke(Method.java:498)
	at org.apache.maven.surefire.util.ReflectionUtils.invokeMethodWithArray(ReflectionUtils.java:189)
	at org.apache.maven.surefire.booter.ProviderFactory$ProviderProxy.invoke(ProviderFactory.java:165)
	at org.apache.maven.surefire.booter.ProviderFactory.invokeProvider(ProviderFactory.java:85)
	at org.apache.maven.surefire.booter.ForkedBooter.runSuitesInProcess(ForkedBooter.java:115)
	at org.apache.maven.surefire.booter.ForkedBooter.main(ForkedBooter.java:75)
Caused by: java.lang.RuntimeException: NettyHttpHandler request execution error
	at org.openqa.selenium.remote.http.netty.NettyHttpHandler.makeCall(NettyHttpHandler.java:72)
	at org.openqa.selenium.remote.http.AddSeleniumUserAgent.lambda$apply$0(AddSeleniumUserAgent.java:42)
	at org.openqa.selenium.remote.http.Filter.lambda$andFinally$1(Filter.java:56)
	at org.openqa.selenium.remote.http.netty.NettyHttpHandler.execute(NettyHttpHandler.java:47)
	at org.openqa.selenium.remote.http.AddSeleniumUserAgent.lambda$apply$0(AddSeleniumUserAgent.java:42)
	at org.openqa.selenium.remote.http.Filter.lambda$andFinally$1(Filter.java:56)
	at org.openqa.selenium.remote.http.netty.NettyClient.execute(NettyClient.java:60)
	at org.openqa.selenium.remote.HttpCommandExecutor.execute(HttpCommandExecutor.java:164)
	at org.openqa.selenium.remote.service.DriverCommandExecutor.execute(DriverCommandExecutor.java:123)
	at org.openqa.selenium.remote.RemoteWebDriver.execute(RemoteWebDriver.java:501)
	... 49 more
Caused by: java.util.concurrent.ExecutionException: java.util.concurrent.TimeoutException: Request timeout to localhost/127.0.0.1:26745 after 60000 ms
	at java.util.concurrent.CompletableFuture.reportGet(CompletableFuture.java:357)
	at java.util.concurrent.CompletableFuture.get(CompletableFuture.java:1895)
	at org.asynchttpclient.netty.NettyResponseFuture.get(NettyResponseFuture.java:201)
	at org.openqa.selenium.remote.http.netty.NettyHttpHandler.makeCall(NettyHttpHandler.java:57)
	... 58 more
Caused by: java.util.concurrent.TimeoutException: Request timeout to localhost/127.0.0.1:26745 after 60000 ms
	at org.asynchttpclient.netty.timeout.TimeoutTimerTask.expire(TimeoutTimerTask.java:43)
	at org.asynchttpclient.netty.timeout.RequestTimeoutTimerTask.run(RequestTimeoutTimerTask.java:50)
	at io.netty.util.HashedWheelTimer$HashedWheelTimeout.expire(HashedWheelTimer.java:672)
	at io.netty.util.HashedWheelTimer$HashedWheelBucket.expireTimeouts(HashedWheelTimer.java:747)
	at io.netty.util.HashedWheelTimer$Worker.run(HashedWheelTimer.java:472)
	at io.netty.util.concurrent.FastThreadLocalRunnable.run(FastThreadLocalRunnable.java:30)
	at java.lang.Thread.run(Thread.java:748)
</system-err>
  </testcase>
</testsuite>