<?xml version="1.0" encoding="UTF-8" ?>
<testsuite tests="24" failures="3" name="runners.SpiegelRunner" time="536.888" errors="0" skipped="0">
  <properties>
    <property name="PROCESSOR_ARCHITECTURE" value="AMD64"/>
    <property name="file.encoding.pkg" value="sun.io"/>
    <property name="DASHLANE_DLL_DIR" value="C:\Users\Lenovo\AppData\Roaming\Dashlane\5.12.0.19744\bin\Firefox_Extension\{442718d9-475e-452a-b3e1-fb1ee16b8e9f}\components;C:\Users\Lenovo\AppData\Roaming\Dashlane\5.12.0.19744\ucrt"/>
    <property name="LOGONSERVER" value="\\LAPTOP-RN5VIIS5"/>
    <property name="ProgramData" value="C:\ProgramData"/>
    <property name="java.home" value="C:\Program Files\Java\jdk1.8.0_172\jre"/>
    <property name="NODE_NAME" value="master"/>
    <property name="JENKINS_URL" value="http://127.0.0.1:8080/"/>
    <property name="ALLUSERSPROFILE" value="C:\ProgramData"/>
    <property name="java.endorsed.dirs" value="C:\Program Files\Java\jdk1.8.0_172\jre\lib\endorsed"/>
    <property name="PSModulePath" value="C:\Program Files\WindowsPowerShell\Modules;C:\WINDOWS\system32\WindowsPowerShell\v1.0\Modules"/>
    <property name="=::" value="::\"/>
    <property name="USERDOMAIN" value="LAPTOP-RN5VIIS5"/>
    <property name="sun.os.patch.level" value=""/>
    <property name="test" value="SpiegelRunner"/>
    <property name="java.vendor.url" value="http://java.oracle.com/"/>
    <property name="CommonProgramFiles(x86)" value="C:\Program Files (x86)\Common Files"/>
    <property name="java.version" value="1.8.0_172"/>
    <property name="JOB_NAME" value="Webium-Automation"/>
    <property name="COMPUTERNAME" value="LAPTOP-RN5VIIS5"/>
    <property name="ANDROID_HOME" value="C:\Users\Lenovo\AppData\Local\Android\Sdk"/>
    <property name="java.vendor.url.bug" value="http://bugreport.sun.com/bugreport/"/>
    <property name="PUBLIC" value="C:\Users\Public"/>
    <property name="user.name" value="Lenovo"/>
    <property name="sun.io.unicode.encoding" value="UnicodeLittle"/>
    <property name="sun.jnu.encoding" value="Cp1252"/>
    <property name="java.runtime.name" value="Java(TM) SE Runtime Environment"/>
    <property name="windir" value="C:\WINDOWS"/>
    <property name="PROCESSOR_IDENTIFIER" value="Intel64 Family 6 Model 142 Stepping 10, GenuineIntel"/>
    <property name="java.specification.name" value="Java Platform API Specification"/>
    <property name="LOCALAPPDATA" value="C:\Users\Lenovo\AppData\Local"/>
    <property name="RUN_CHANGES_DISPLAY_URL" value="http://127.0.0.1:8080/job/Webium-Automation/63/display/redirect?page=changes"/>
    <property name="user.timezone" value="Europe/Berlin"/>
    <property name="user.script" value=""/>
    <property name="path.separator" value=";"/>
    <property name="NUMBER_OF_PROCESSORS" value="8"/>
    <property name="BUILD_TAG" value="jenkins-Webium-Automation-63"/>
    <property name="PYTHONPATH" value="C:\python37;C:\python37\Scripts;C:\python37\DLLs;C:\python37\Lib;C:\python37\libs;"/>
    <property name="file.encoding" value="Cp1252"/>
    <property name="sun.java.command" value="jenkins.maven3.agent.Maven35Main C:\apache-maven-3.5.3 C:\Users\Lenovo\.jenkins\war\WEB-INF\lib\remoting-4.3.jar C:\Users\Lenovo\.jenkins\plugins\maven-plugin\WEB-INF\lib\maven35-interceptor-1.12-alpha-1.jar C:\Users\Lenovo\.jenkins\plugins\maven-plugin\WEB-INF\lib\maven3-interceptor-commons-1.12-alpha-1.jar 49931"/>
    <property name="HUDSON_URL" value="http://127.0.0.1:8080/"/>
    <property name="JENKINS_SERVER_COOKIE" value="0631cecedd819be2"/>
    <property name="POSTGRESQLPATH" value="C:\Program Files\PostgreSQL\12\bin;C:\Program Files\PostgreSQL\12\lib"/>
    <property name="EXECUTOR_NUMBER" value="1"/>
    <property name="Path" value="C:\Program Files\Java\jdk1.8.0_172/bin;C:\python37\Scripts\;C:\python37\;C:\Program Files (x86)\Common Files\Oracle\Java\javapath;C:\Program Files (x86)\Intel\iCLS Client\;C:\Program Files\Intel\iCLS Client\;C:\WINDOWS\system32;C:\WINDOWS;C:\WINDOWS\System32\Wbem;C:\WINDOWS\System32\WindowsPowerShell\v1.0\;C:\Program Files (x86)\Intel\Intel(R) Management Engine Components\DAL;C:\Program Files\Intel\Intel(R) Management Engine Components\DAL;C:\Program Files (x86)\Intel\Intel(R) Management Engine Components\IPT;C:\Program Files\Intel\Intel(R) Management Engine Components\IPT;C:\Program Files\Java\jdk1.8.0_172;C:\apache-maven-3.5.3\bin;C:\Program Files\Git\cmd;C:\Program Files\nodejs;C:\Users\Lenovo\AppData\Local\Android\Sdk;C:\Users\Lenovo\AppData\Local\Android\Sdk\tools;C:\Users\Lenovo\AppData\Local\Android\Sdk\platform-tools;C:\WINDOWS\System32\OpenSSH\;C:\MyWorkspace\SeleniumChromeDriver\;C:\python37;C:\python37\Scripts;C:\python37\DLLs;C:\python37\Lib;C:\python37\libs;;C:\Program Files\PostgreSQL\12\bin;C:\Program Files\PostgreSQL\12\lib;C:\MyWorkspace\SeleniumChromeDriver\83\;C:\MyWorkspace\SeleniumFirefoxDriver\2.6\;C:\MyWorkspace\IEDriver\;C:\Users\Lenovo\AppData\Local\Microsoft\WindowsApps;C:\Users\Lenovo\AppData\Roaming\npm;C:\Users\Lenovo\AppData\Roaming\Dashlane\5.12.0.19744\bin\Firefox_Extension\{442718d9-475e-452a-b3e1-fb1ee16b8e9f}\components;C:\Users\Lenovo\AppData\Roaming\Dashlane\5.12.0.19744\ucrt;"/>
    <property name="java.io.tmpdir" value="C:\Users\Lenovo\AppData\Local\Temp\"/>
    <property name="APPDATA" value="C:\Users\Lenovo\AppData\Roaming"/>
    <property name="user.language" value="de"/>
    <property name="line.separator" value="
"/>
    <property name="BUILD_URL" value="http://127.0.0.1:8080/job/Webium-Automation/63/"/>
    <property name="M2_HOME" value="C:\apache-maven-3.5.3"/>
    <property name="=C:" value="C:\jenkins"/>
    <property name="java.vm.info" value="mixed mode"/>
    <property name="DriverData" value="C:\Windows\System32\Drivers\DriverData"/>
    <property name="sun.desktop" value="windows"/>
    <property name="java.vm.specification.name" value="Java Virtual Machine Specification"/>
    <property name="BUILD_DISPLAY_NAME" value="#63"/>
    <property name="OS" value="Windows_NT"/>
    <property name="guice.disable.misplaced.annotation.check" value="true"/>
    <property name="HUDSON_SERVER_COOKIE" value="0631cecedd819be2"/>
    <property name="WORKSPACE_TMP" value="C:\Users\Lenovo\.jenkins\workspace\Webium-Automation@tmp"/>
    <property name="MAVEN_HOME" value="C:\apache-maven-3.5.3"/>
    <property name="SESSIONNAME" value="Console"/>
    <property name="PATHEXT" value=".COM;.EXE;.BAT;.CMD;.VBS;.VBE;.JS;.JSE;.WSF;.WSH;.MSC"/>
    <property name="java.awt.printerjob" value="sun.awt.windows.WPrinterJob"/>
    <property name="maven3.interceptor.common" value="C:\Users\Lenovo\.jenkins\plugins\maven-plugin\WEB-INF\lib\maven3-interceptor-commons-1.12-alpha-1.jar"/>
    <property name="CLASSPATH" value=""/>
    <property name="HOMEPATH" value="\Users\Lenovo"/>
    <property name="os.name" value="Windows 10"/>
    <property name="java.specification.vendor" value="Oracle Corporation"/>
    <property name="java.vm.name" value="Java HotSpot(TM) 64-Bit Server VM"/>
    <property name="BUILD_NUMBER" value="63"/>
    <property name="maven3.interceptor" value="C:\Users\Lenovo\.jenkins\plugins\maven-plugin\WEB-INF\lib\maven35-interceptor-1.12-alpha-1.jar"/>
    <property name="java.library.path" value="C:\Program Files\Java\jdk1.8.0_172\bin;C:\WINDOWS\Sun\Java\bin;C:\WINDOWS\system32;C:\WINDOWS;C:\apache-maven-3.5.3/bin;C:\Program Files\Java\jdk1.8.0_172/bin;C:\Program Files\Java\jdk1.8.0_172/bin;C:\python37\Scripts\;C:\python37\;C:\Program Files (x86)\Common Files\Oracle\Java\javapath;C:\Program Files (x86)\Intel\iCLS Client\;C:\Program Files\Intel\iCLS Client\;C:\WINDOWS\system32;C:\WINDOWS;C:\WINDOWS\System32\Wbem;C:\WINDOWS\System32\WindowsPowerShell\v1.0\;C:\Program Files (x86)\Intel\Intel(R) Management Engine Components\DAL;C:\Program Files\Intel\Intel(R) Management Engine Components\DAL;C:\Program Files (x86)\Intel\Intel(R) Management Engine Components\IPT;C:\Program Files\Intel\Intel(R) Management Engine Components\IPT;C:\Program Files\Java\jdk1.8.0_172;C:\apache-maven-3.5.3\bin;C:\Program Files\Git\cmd;C:\Program Files\nodejs;C:\Users\Lenovo\AppData\Local\Android\Sdk;C:\Users\Lenovo\AppData\Local\Android\Sdk\tools;C:\Users\Lenovo\AppData\Local\Android\Sdk\platform-tools;C:\WINDOWS\System32\OpenSSH\;C:\MyWorkspace\SeleniumChromeDriver\;C:\python37;C:\python37\Scripts;C:\python37\DLLs;C:\python37\Lib;C:\python37\libs;;C:\Program Files\PostgreSQL\12\bin;C:\Program Files\PostgreSQL\12\lib;C:\MyWorkspace\SeleniumChromeDriver\83\;C:\MyWorkspace\SeleniumFirefoxDriver\2.6\;C:\MyWorkspace\IEDriver\;C:\Users\Lenovo\AppData\Local\Microsoft\WindowsApps;C:\Users\Lenovo\AppData\Roaming\npm;C:\Users\Lenovo\AppData\Roaming\Dashlane\5.12.0.19744\bin\Firefox_Extension\{442718d9-475e-452a-b3e1-fb1ee16b8e9f}\components;C:\Users\Lenovo\AppData\Roaming\Dashlane\5.12.0.19744\ucrt;;."/>
    <property name="HOMEDRIVE" value="C:"/>
    <property name="POM_GROUPID" value="guineenews"/>
    <property name="POM_ARTIFACTID" value="guineenews"/>
    <property name="java.class.version" value="52.0"/>
    <property name="JOB_URL" value="http://127.0.0.1:8080/job/Webium-Automation/"/>
    <property name="OneDrive" value="C:\Users\Lenovo\OneDrive"/>
    <property name="RUN_DISPLAY_URL" value="http://127.0.0.1:8080/job/Webium-Automation/63/display/redirect"/>
    <property name="JENKINS_HOME" value="C:\Users\Lenovo\.jenkins"/>
    <property name="BUILD_ID" value="63"/>
    <property name="TEMP" value="C:\Users\Lenovo\AppData\Local\Temp"/>
    <property name="sun.boot.library.path" value="C:\Program Files\Java\jdk1.8.0_172\jre\bin"/>
    <property name="sun.management.compiler" value="HotSpot 64-Bit Tiered Compilers"/>
    <property name="java.awt.graphicsenv" value="sun.awt.Win32GraphicsEnvironment"/>
    <property name="user.variant" value=""/>
    <property name="PROCESSOR_REVISION" value="8e0a"/>
    <property name="POM_VERSION" value="1.0-SNAPSHOT"/>
    <property name="configsetroot" value="C:\WINDOWS\ConfigSetRoot"/>
    <property name="HUDSON_HOME" value="C:\Users\Lenovo\.jenkins"/>
    <property name="ProgramFiles(x86)" value="C:\Program Files (x86)"/>
    <property name="PATH+MAVEN" value="C:\apache-maven-3.5.3/bin"/>
    <property name="USERDOMAIN_ROAMINGPROFILE" value="LAPTOP-RN5VIIS5"/>
    <property name="PROMPT" value="$P$G"/>
    <property name="java.vm.specification.version" value="1.8"/>
    <property name="JAVA_HOME" value="C:\Program Files\Java\jdk1.8.0_172"/>
    <property name="awt.toolkit" value="sun.awt.windows.WToolkit"/>
    <property name="NODE_LABELS" value="master"/>
    <property name="sun.cpu.isalist" value="amd64"/>
    <property name="USERPROFILE" value="C:\Users\Lenovo"/>
    <property name="JOB_DISPLAY_URL" value="http://127.0.0.1:8080/job/Webium-Automation/display/redirect"/>
    <property name="java.ext.dirs" value="C:\Program Files\Java\jdk1.8.0_172\jre\lib\ext;C:\WINDOWS\Sun\Java\lib\ext"/>
    <property name="os.version" value="10.0"/>
    <property name="user.home" value="C:\Users\Lenovo"/>
    <property name="USERNAME" value="Lenovo"/>
    <property name="java.vm.vendor" value="Oracle Corporation"/>
    <property name="PROCESSOR_LEVEL" value="6"/>
    <property name="CommonProgramW6432" value="C:\Program Files\Common Files"/>
    <property name="user.dir" value="C:\MyWorkspace\guineenews"/>
    <property name="maven.conf" value="C:\apache-maven-3.5.3\conf"/>
    <property name="ProgramW6432" value="C:\Program Files"/>
    <property name="TMP" value="C:\Users\Lenovo\AppData\Local\Temp"/>
    <property name="CHROMEDRIVER_PATH" value="C:\MyWorkspace\SeleniumChromeDriver\83\"/>
    <property name="NODE_JS" value="C:\Program Files\nodejs"/>
    <property name="sun.cpu.endian" value="little"/>
    <property name="SystemDrive" value="C:"/>
    <property name="java.vm.version" value="25.172-b11"/>
    <property name="java.class.path" value="C:\Users\Lenovo\.jenkins\plugins\maven-plugin\WEB-INF\lib\maven35-agent-1.12-alpha-1.jar;C:\apache-maven-3.5.3\boot\plexus-classworlds-2.5.2.jar;C:\apache-maven-3.5.3/conf/logging"/>
    <property name="org.slf4j.simpleLogger.defaultLogLevel" value="info"/>
    <property name="os.arch" value="amd64"/>
    <property name="OneDriveConsumer" value="C:\Users\Lenovo\OneDrive"/>
    <property name="WORKSPACE" value="C:\Users\Lenovo\.jenkins\workspace\Webium-Automation"/>
    <property name="ComSpec" value="C:\WINDOWS\system32\cmd.exe"/>
    <property name="sun.java.launcher" value="SUN_STANDARD"/>
    <property name="FPS_BROWSER_APP_PROFILE_STRING" value="Internet Explorer"/>
    <property name="SystemRoot" value="C:\WINDOWS"/>
    <property name="CommonProgramFiles" value="C:\Program Files\Common Files"/>
    <property name="java.vm.specification.vendor" value="Oracle Corporation"/>
    <property name="FPS_BROWSER_USER_PROFILE_STRING" value="Default"/>
    <property name="file.separator" value="\"/>
    <property name="java.runtime.version" value="1.8.0_172-b11"/>
    <property name="ProgramFiles" value="C:\Program Files"/>
    <property name="sun.boot.class.path" value="C:\Program Files\Java\jdk1.8.0_172\jre\lib\resources.jar;C:\Program Files\Java\jdk1.8.0_172\jre\lib\rt.jar;C:\Program Files\Java\jdk1.8.0_172\jre\lib\sunrsasign.jar;C:\Program Files\Java\jdk1.8.0_172\jre\lib\jsse.jar;C:\Program Files\Java\jdk1.8.0_172\jre\lib\jce.jar;C:\Program Files\Java\jdk1.8.0_172\jre\lib\charsets.jar;C:\Program Files\Java\jdk1.8.0_172\jre\lib\jfr.jar;C:\Program Files\Java\jdk1.8.0_172\jre\classes"/>
    <property name="PATH+JDK" value="C:\Program Files\Java\jdk1.8.0_172/bin"/>
    <property name="user.country" value="DE"/>
    <property name="POM_PACKAGING" value="jar"/>
    <property name="maven.home" value="C:\apache-maven-3.5.3"/>
    <property name="JOB_BASE_NAME" value="Webium-Automation"/>
    <property name="java.vendor" value="Oracle Corporation"/>
    <property name="java.specification.version" value="1.8"/>
    <property name="POM_DISPLAYNAME" value="guineenews"/>
    <property name="sun.arch.data.model" value="64"/>
  </properties>
  <testcase classname="Spiegel Kultur #1" name="Bestseller Books #1" time="31.472"/>
  <testcase classname="Spiegel Kultur #1" name="Bestseller Books #2" time="22.154"/>
  <testcase classname="Spiegel Kultur #1" name="Bestseller Books #3" time="21.027"/>
  <testcase classname="Spiegel Kultur #1" name="Bestseller DVD #1" time="25.1"/>
  <testcase classname="Spiegel Kultur #1" name="Bestseller DVD #2" time="38.053">
    <failure type="java.lang.AssertionError">java.lang.AssertionError
	at org.junit.Assert.fail(Assert.java:86)
	at org.junit.Assert.assertTrue(Assert.java:41)
	at org.junit.Assert.assertTrue(Assert.java:52)
	at steps.BestsellerSteps.i_click_bei_vendor_kaufen(BestsellerSteps.java:73)
	at ✽.I click bei Thaila kaufen(file:///C:/MyWorkspace/guineenews/src/test/resources/features/bestseller.feature:43)
</failure>
    <system-out>
@spiegelCultureBestseller @bestsellerDVD
Scenario Outline: Bestseller DVD                  &amp;#27;[90m# src/test/resources/features/bestseller.feature:48&amp;#27;[0m
  &amp;#27;[32mGiven &amp;#27;[0m&amp;#27;[32mI start Spiegel&amp;#27;[0m                           &amp;#27;[90m# steps.MenuSteps.i_start_Spiegel()&amp;#27;[0m
  &amp;#27;[32mThen &amp;#27;[0m&amp;#27;[32mI click Akzeptieren und weiter&amp;#27;[0m             &amp;#27;[90m# steps.MenuSteps.i_click_Akzeptieren_und_weiter()&amp;#27;[0m
  &amp;#27;[32mThen &amp;#27;[0m&amp;#27;[32mI bring culture menu into view&amp;#27;[0m             &amp;#27;[90m# steps.CultureSteps.i_bring_culture_menu_into_view()&amp;#27;[0m
  &amp;#27;[32mAnd &amp;#27;[0m&amp;#27;[32mI click TopMenu culture&amp;#27;[0m                     &amp;#27;[90m# steps.CultureSteps.i_click_culture_menu()&amp;#27;[0m
  &amp;#27;[32mThen &amp;#27;[0m&amp;#27;[32mI click culture &amp;#27;[0m&amp;#27;[32m&amp;#27;[1mSPIEGEL-Bestseller&amp;#27;[0m         &amp;#27;[90m# steps.CultureSteps.i_click_menu(java.lang.String)&amp;#27;[0m
DVD
  &amp;#27;[32mThen &amp;#27;[0m&amp;#27;[32mI click bestseller &amp;#27;[0m&amp;#27;[32m&amp;#27;[1mDVD&amp;#27;[0m                     &amp;#27;[90m# steps.BestsellerSteps.i_click_bestseller_menu(java.lang.String)&amp;#27;[0m
(//div[@data-component=&apos;SwiperBar&apos;])[2]//ul//li//a[contains(@title,&apos;TV &amp; Hobby&apos;)]
  &amp;#27;[32mThen &amp;#27;[0m&amp;#27;[32mI click the bestseller sub_menu &amp;#27;[0m&amp;#27;[32m&amp;#27;[1mTV &amp; Hobby&amp;#27;[0m &amp;#27;[90m# steps.BestsellerSteps.i_click_bestseller_sub_menu(java.lang.String)&amp;#27;[0m
rdnr:..........4
xpath:..........(//div[@data-component=&apos;BestsellerAccordionSection&apos;])[4]
  &amp;#27;[32mThen &amp;#27;[0m&amp;#27;[32mI scroll to a random bestseller&amp;#27;[0m            &amp;#27;[90m# steps.BestsellerSteps.i_scroll_to_random_bestseller_element()&amp;#27;[0m
  &amp;#27;[32mThen &amp;#27;[0m&amp;#27;[32mI click mehr anzeigen&amp;#27;[0m                      &amp;#27;[90m# steps.BestsellerSteps.i_click_mehr_anzeigen()&amp;#27;[0m
  &amp;#27;[32mThen &amp;#27;[0m&amp;#27;[32mI move mouse over kaufen&amp;#27;[0m                   &amp;#27;[90m# steps.BestsellerSteps.i_move_mouse_over_kaufen()&amp;#27;[0m
..taking screenshot..
.. screenshot taken..
  &amp;#27;[31mThen &amp;#27;[0m&amp;#27;[31mI click bei &amp;#27;[0m&amp;#27;[31m&amp;#27;[1mThaila&amp;#27;[0m&amp;#27;[31m kaufen&amp;#27;[0m                  &amp;#27;[90m# steps.BestsellerSteps.i_click_bei_vendor_kaufen(java.lang.String)&amp;#27;[0m
      &amp;#27;[31mjava.lang.AssertionError
	at org.junit.Assert.fail(Assert.java:86)
	at org.junit.Assert.assertTrue(Assert.java:41)
	at org.junit.Assert.assertTrue(Assert.java:52)
	at steps.BestsellerSteps.i_click_bei_vendor_kaufen(BestsellerSteps.java:73)
	at âœ½.I click bei Thaila kaufen(file:///C:/MyWorkspace/guineenews/src/test/resources/features/bestseller.feature:43)
&amp;#27;[0m
  &amp;#27;[36mThen &amp;#27;[0m&amp;#27;[36mI close the &amp;#27;[0m&amp;#27;[36m&amp;#27;[1mThaila&amp;#27;[0m&amp;#27;[36m tab&amp;#27;[0m                     &amp;#27;[90m# steps.BestsellerSteps.i_close_vendor_tab(java.lang.String)&amp;#27;[0m
</system-out>
  </testcase>
  <testcase classname="Spiegel Kultur #1" name="Bestseller Ratgeber #1" time="23.765"/>
  <testcase classname="Spiegel Kultur #1" name="Bestseller Ratgeber #2" time="22.328"/>
  <testcase classname="Spiegel Kultur #1" name="Bestseller Ratgeber #3" time="21.822"/>
  <testcase classname="Spiegel Kultur #1" name="Bestseller Ratgeber #4" time="25.623"/>
  <testcase classname="Spiegel Kultur #1" name="Bestseller KinderBuch #1" time="21.252"/>
  <testcase classname="Spiegel Kultur #1" name="Bestseller KinderBuch #2" time="22.996"/>
  <testcase classname="Spiegel Kultur #1" name="Bestseller KinderBuch #3" time="21.994"/>
  <testcase classname="Spiegel Kultur #1" name="Bestseller KinderBuch #4" time="21.245"/>
  <testcase classname="Spiegel Kultur #2" name="navigate on culture sub-menu #1" time="20.971"/>
  <testcase classname="Spiegel Kultur #2" name="navigate on culture sub-menu #2" time="19.133"/>
  <testcase classname="Spiegel Kultur #2" name="navigate on culture sub-menu #3" time="16.916"/>
  <testcase classname="Spiegel Kultur #2" name="navigate on culture sub-menu #4" time="19.086"/>
  <testcase classname="Spiegel Kultur #2" name="navigate on culture sub-menu #5" time="20.381">
    <failure type="java.lang.AssertionError">java.lang.AssertionError
	at org.junit.Assert.fail(Assert.java:86)
	at org.junit.Assert.assertTrue(Assert.java:41)
	at org.junit.Assert.assertTrue(Assert.java:52)
	at steps.HelperSteps.i_go_back_to(HelperSteps.java:106)
	at ✽.I go back to &quot;Streaming - Kultur - DER SPIEGEL&quot;(file:///C:/MyWorkspace/guineenews/src/test/resources/features/culturePage.feature:15)
</failure>
    <system-out>
@spiegelCulture @culture
Scenario Outline: navigate on culture sub-menu              &amp;#27;[90m# src/test/resources/features/culturePage.feature:22&amp;#27;[0m
  &amp;#27;[32mGiven &amp;#27;[0m&amp;#27;[32mI start Spiegel&amp;#27;[0m                                     &amp;#27;[90m# steps.MenuSteps.i_start_Spiegel()&amp;#27;[0m
  &amp;#27;[32mThen &amp;#27;[0m&amp;#27;[32mI click Akzeptieren und weiter&amp;#27;[0m                       &amp;#27;[90m# steps.MenuSteps.i_click_Akzeptieren_und_weiter()&amp;#27;[0m
  &amp;#27;[32mThen &amp;#27;[0m&amp;#27;[32mI bring culture menu into view&amp;#27;[0m                       &amp;#27;[90m# steps.CultureSteps.i_bring_culture_menu_into_view()&amp;#27;[0m
  &amp;#27;[32mAnd &amp;#27;[0m&amp;#27;[32mI click TopMenu culture&amp;#27;[0m                               &amp;#27;[90m# steps.CultureSteps.i_click_culture_menu()&amp;#27;[0m
  &amp;#27;[32mThen &amp;#27;[0m&amp;#27;[32mI click culture &amp;#27;[0m&amp;#27;[32m&amp;#27;[1mStreaming&amp;#27;[0m                            &amp;#27;[90m# steps.CultureSteps.i_click_menu(java.lang.String)&amp;#27;[0m
  &amp;#27;[32mThen &amp;#27;[0m&amp;#27;[32mI click a &amp;#27;[0m&amp;#27;[32m&amp;#27;[1m&quot;random&quot;&amp;#27;[0m&amp;#27;[32m article of alle Beitraege section&amp;#27;[0m &amp;#27;[90m# steps.HelperSteps.i_click_article_of_alle_Beitraege_section(java.lang.String)&amp;#27;[0m
  &amp;#27;[32mThen &amp;#27;[0m&amp;#27;[32mI click page down &amp;#27;[0m&amp;#27;[32m&amp;#27;[1m3&amp;#27;[0m                                  &amp;#27;[90m# steps.HelperSteps.i_click_page_down(int)&amp;#27;[0m
  &amp;#27;[31mThen &amp;#27;[0m&amp;#27;[31mI go back to &amp;#27;[0m&amp;#27;[31m&amp;#27;[1m&quot;Streaming - Kultur - DER SPIEGEL&quot;&amp;#27;[0m      &amp;#27;[90m# steps.HelperSteps.i_go_back_to(java.lang.String)&amp;#27;[0m
      &amp;#27;[31mjava.lang.AssertionError
	at org.junit.Assert.fail(Assert.java:86)
	at org.junit.Assert.assertTrue(Assert.java:41)
	at org.junit.Assert.assertTrue(Assert.java:52)
	at steps.HelperSteps.i_go_back_to(HelperSteps.java:106)
	at âœ½.I go back to &quot;Streaming - Kultur - DER SPIEGEL&quot;(file:///C:/MyWorkspace/guineenews/src/test/resources/features/culturePage.feature:15)
&amp;#27;[0m
</system-out>
  </testcase>
  <testcase classname="Spiegel Kultur #2" name="navigate on culture sub-menu #6" time="20.207">
    <failure type="java.lang.AssertionError">java.lang.AssertionError
	at org.junit.Assert.fail(Assert.java:86)
	at org.junit.Assert.assertTrue(Assert.java:41)
	at org.junit.Assert.assertTrue(Assert.java:52)
	at steps.HelperSteps.i_go_back_to(HelperSteps.java:106)
	at ✽.I go back to &quot;Kunst - Kultur - DER SPIEGEL&quot;(file:///C:/MyWorkspace/guineenews/src/test/resources/features/culturePage.feature:15)
</failure>
    <system-out>
@spiegelCulture @culture
Scenario Outline: navigate on culture sub-menu              &amp;#27;[90m# src/test/resources/features/culturePage.feature:23&amp;#27;[0m
  &amp;#27;[32mGiven &amp;#27;[0m&amp;#27;[32mI start Spiegel&amp;#27;[0m                                     &amp;#27;[90m# steps.MenuSteps.i_start_Spiegel()&amp;#27;[0m
  &amp;#27;[32mThen &amp;#27;[0m&amp;#27;[32mI click Akzeptieren und weiter&amp;#27;[0m                       &amp;#27;[90m# steps.MenuSteps.i_click_Akzeptieren_und_weiter()&amp;#27;[0m
  &amp;#27;[32mThen &amp;#27;[0m&amp;#27;[32mI bring culture menu into view&amp;#27;[0m                       &amp;#27;[90m# steps.CultureSteps.i_bring_culture_menu_into_view()&amp;#27;[0m
  &amp;#27;[32mAnd &amp;#27;[0m&amp;#27;[32mI click TopMenu culture&amp;#27;[0m                               &amp;#27;[90m# steps.CultureSteps.i_click_culture_menu()&amp;#27;[0m
  &amp;#27;[32mThen &amp;#27;[0m&amp;#27;[32mI click culture &amp;#27;[0m&amp;#27;[32m&amp;#27;[1mKunst&amp;#27;[0m                                &amp;#27;[90m# steps.CultureSteps.i_click_menu(java.lang.String)&amp;#27;[0m
  &amp;#27;[32mThen &amp;#27;[0m&amp;#27;[32mI click a &amp;#27;[0m&amp;#27;[32m&amp;#27;[1m&quot;random&quot;&amp;#27;[0m&amp;#27;[32m article of alle Beitraege section&amp;#27;[0m &amp;#27;[90m# steps.HelperSteps.i_click_article_of_alle_Beitraege_section(java.lang.String)&amp;#27;[0m
  &amp;#27;[32mThen &amp;#27;[0m&amp;#27;[32mI click page down &amp;#27;[0m&amp;#27;[32m&amp;#27;[1m3&amp;#27;[0m                                  &amp;#27;[90m# steps.HelperSteps.i_click_page_down(int)&amp;#27;[0m
  &amp;#27;[31mThen &amp;#27;[0m&amp;#27;[31mI go back to &amp;#27;[0m&amp;#27;[31m&amp;#27;[1m&quot;Kunst - Kultur - DER SPIEGEL&quot;&amp;#27;[0m          &amp;#27;[90m# steps.HelperSteps.i_go_back_to(java.lang.String)&amp;#27;[0m
      &amp;#27;[31mjava.lang.AssertionError
	at org.junit.Assert.fail(Assert.java:86)
	at org.junit.Assert.assertTrue(Assert.java:41)
	at org.junit.Assert.assertTrue(Assert.java:52)
	at steps.HelperSteps.i_go_back_to(HelperSteps.java:106)
	at âœ½.I go back to &quot;Kunst - Kultur - DER SPIEGEL&quot;(file:///C:/MyWorkspace/guineenews/src/test/resources/features/culturePage.feature:15)
&amp;#27;[0m
</system-out>
  </testcase>
  <testcase classname="Spiegel 1" name="surf on menu page" time="8.481"/>
  <testcase classname="Spiegel Plus" name="Spiegel plus read section 1 articles" time="26.109"/>
  <testcase classname="Spiegel Plus" name="Spiegel plus read random section articles" time="28.6"/>
  <testcase classname="Spiegel Plus" name="Spiegel plus read audio section articles" time="20.592"/>
  <testcase classname="Spiegel Plus" name="Spiegel plus read alle Beiträge section articles" time="17.581"/>
</testsuite>